INFO - 04/24/21 16:12:44 - 0:00:00 - Namespace(batch_size=4, checkpoint=PosixPath('checkpoints/pretrained_musicnet/lastmodel'), data=[PosixPath('MIDISongs/preprocessed_allthree/D3')], data_aug=True, decoder=[1], decoder_update=15, dist_backend='nccl', dist_url='env://', distributed=False, epoch_len=1000, epochs=180, expName='final/D3all-dec-1-update-15', gpu='2', h5_dataset_name='wav', is_master=True, lr=0.001, lr_decay=0.995, magnitude=0.5, n_datasets=1, num_workers=2, per_epoch=False, rank=0, seed=1, seq_len=12000, short=False)
INFO - 04/24/21 16:12:46 - 0:00:03 - Starting epoch, Rank 0, Dataset: MIDISongs/preprocessed_allthree/D3
INFO - 04/24/21 16:24:14 - 0:11:30 - Epoch 0 Rank 0 - Train loss: (1.7871), Test loss (1.6967)
DEBUG - 04/24/21 16:24:14 - 0:11:30 - Saved model to checkpoints/final/D3all-dec-1-update-15/bestmodel_0.pth
DEBUG - 04/24/21 16:24:14 - 0:11:30 - Saved model to checkpoints/final/D3all-dec-1-update-15/lastmodel_0.pth
DEBUG - 04/24/21 16:24:14 - 0:11:30 - Ended epoch
INFO - 04/24/21 16:24:14 - 0:11:30 - Starting epoch, Rank 0, Dataset: MIDISongs/preprocessed_allthree/D3
INFO - 04/24/21 16:35:44 - 0:23:00 - Epoch 1 Rank 0 - Train loss: (1.6472), Test loss (1.6497)
DEBUG - 04/24/21 16:35:44 - 0:23:00 - Saved model to checkpoints/final/D3all-dec-1-update-15/bestmodel_0.pth
DEBUG - 04/24/21 16:35:44 - 0:23:00 - Saved model to checkpoints/final/D3all-dec-1-update-15/lastmodel_0.pth
DEBUG - 04/24/21 16:35:44 - 0:23:00 - Ended epoch
INFO - 04/24/21 16:35:44 - 0:23:00 - Starting epoch, Rank 0, Dataset: MIDISongs/preprocessed_allthree/D3
INFO - 04/24/21 16:47:14 - 0:34:31 - Epoch 2 Rank 0 - Train loss: (1.6062), Test loss (1.5996)
DEBUG - 04/24/21 16:47:14 - 0:34:31 - Saved model to checkpoints/final/D3all-dec-1-update-15/bestmodel_0.pth
DEBUG - 04/24/21 16:47:14 - 0:34:31 - Saved model to checkpoints/final/D3all-dec-1-update-15/lastmodel_0.pth
DEBUG - 04/24/21 16:47:14 - 0:34:31 - Ended epoch
INFO - 04/24/21 16:47:14 - 0:34:31 - Starting epoch, Rank 0, Dataset: MIDISongs/preprocessed_allthree/D3
INFO - 04/24/21 16:58:45 - 0:46:01 - Epoch 3 Rank 0 - Train loss: (1.5852), Test loss (1.6293)
DEBUG - 04/24/21 16:58:45 - 0:46:01 - Saved model to checkpoints/final/D3all-dec-1-update-15/lastmodel_0.pth
DEBUG - 04/24/21 16:58:45 - 0:46:01 - Ended epoch
INFO - 04/24/21 16:58:45 - 0:46:01 - Starting epoch, Rank 0, Dataset: MIDISongs/preprocessed_allthree/D3
INFO - 04/24/21 17:10:15 - 0:57:31 - Epoch 4 Rank 0 - Train loss: (1.5884), Test loss (1.6122)
DEBUG - 04/24/21 17:10:15 - 0:57:31 - Saved model to checkpoints/final/D3all-dec-1-update-15/lastmodel_0.pth
DEBUG - 04/24/21 17:10:15 - 0:57:31 - Ended epoch
INFO - 04/24/21 17:10:15 - 0:57:31 - Starting epoch, Rank 0, Dataset: MIDISongs/preprocessed_allthree/D3
INFO - 04/24/21 17:21:46 - 1:09:02 - Epoch 5 Rank 0 - Train loss: (1.5573), Test loss (1.7782)
DEBUG - 04/24/21 17:21:46 - 1:09:02 - Saved model to checkpoints/final/D3all-dec-1-update-15/lastmodel_0.pth
DEBUG - 04/24/21 17:21:46 - 1:09:02 - Ended epoch
INFO - 04/24/21 17:21:46 - 1:09:02 - Starting epoch, Rank 0, Dataset: MIDISongs/preprocessed_allthree/D3
INFO - 04/24/21 17:33:16 - 1:20:32 - Epoch 6 Rank 0 - Train loss: (1.5618), Test loss (1.6061)
DEBUG - 04/24/21 17:33:16 - 1:20:33 - Saved model to checkpoints/final/D3all-dec-1-update-15/lastmodel_0.pth
DEBUG - 04/24/21 17:33:16 - 1:20:33 - Ended epoch
INFO - 04/24/21 17:33:16 - 1:20:33 - Starting epoch, Rank 0, Dataset: MIDISongs/preprocessed_allthree/D3
INFO - 04/24/21 17:44:47 - 1:32:03 - Epoch 7 Rank 0 - Train loss: (1.5352), Test loss (1.5939)
DEBUG - 04/24/21 17:44:47 - 1:32:03 - Saved model to checkpoints/final/D3all-dec-1-update-15/bestmodel_0.pth
DEBUG - 04/24/21 17:44:47 - 1:32:04 - Saved model to checkpoints/final/D3all-dec-1-update-15/lastmodel_0.pth
DEBUG - 04/24/21 17:44:47 - 1:32:04 - Ended epoch
INFO - 04/24/21 17:44:47 - 1:32:04 - Starting epoch, Rank 0, Dataset: MIDISongs/preprocessed_allthree/D3
INFO - 04/24/21 17:56:19 - 1:43:35 - Epoch 8 Rank 0 - Train loss: (1.5543), Test loss (1.5616)
DEBUG - 04/24/21 17:56:19 - 1:43:35 - Saved model to checkpoints/final/D3all-dec-1-update-15/bestmodel_0.pth
DEBUG - 04/24/21 17:56:19 - 1:43:35 - Saved model to checkpoints/final/D3all-dec-1-update-15/lastmodel_0.pth
DEBUG - 04/24/21 17:56:19 - 1:43:35 - Ended epoch
INFO - 04/24/21 17:56:19 - 1:43:35 - Starting epoch, Rank 0, Dataset: MIDISongs/preprocessed_allthree/D3
INFO - 04/24/21 18:07:51 - 1:55:07 - Epoch 9 Rank 0 - Train loss: (1.5125), Test loss (1.5945)
DEBUG - 04/24/21 18:07:51 - 1:55:07 - Saved model to checkpoints/final/D3all-dec-1-update-15/lastmodel_0.pth
DEBUG - 04/24/21 18:07:51 - 1:55:07 - Ended epoch
INFO - 04/24/21 18:07:51 - 1:55:07 - Starting epoch, Rank 0, Dataset: MIDISongs/preprocessed_allthree/D3
INFO - 04/24/21 18:19:23 - 2:06:40 - Epoch 10 Rank 0 - Train loss: (1.4964), Test loss (1.5736)
DEBUG - 04/24/21 18:19:23 - 2:06:40 - Saved model to checkpoints/final/D3all-dec-1-update-15/lastmodel_0.pth
DEBUG - 04/24/21 18:19:23 - 2:06:40 - Ended epoch
INFO - 04/24/21 18:19:23 - 2:06:40 - Starting epoch, Rank 0, Dataset: MIDISongs/preprocessed_allthree/D3
INFO - 04/24/21 18:30:56 - 2:18:12 - Epoch 11 Rank 0 - Train loss: (1.4911), Test loss (1.5354)
DEBUG - 04/24/21 18:30:56 - 2:18:12 - Saved model to checkpoints/final/D3all-dec-1-update-15/bestmodel_0.pth
DEBUG - 04/24/21 18:30:56 - 2:18:12 - Saved model to checkpoints/final/D3all-dec-1-update-15/lastmodel_0.pth
DEBUG - 04/24/21 18:30:56 - 2:18:12 - Ended epoch
INFO - 04/24/21 18:30:56 - 2:18:12 - Starting epoch, Rank 0, Dataset: MIDISongs/preprocessed_allthree/D3
INFO - 04/24/21 18:42:29 - 2:29:45 - Epoch 12 Rank 0 - Train loss: (1.5148), Test loss (1.6149)
DEBUG - 04/24/21 18:42:29 - 2:29:45 - Saved model to checkpoints/final/D3all-dec-1-update-15/lastmodel_0.pth
DEBUG - 04/24/21 18:42:29 - 2:29:45 - Ended epoch
INFO - 04/24/21 18:42:29 - 2:29:45 - Starting epoch, Rank 0, Dataset: MIDISongs/preprocessed_allthree/D3
INFO - 04/24/21 18:54:02 - 2:41:18 - Epoch 13 Rank 0 - Train loss: (1.4968), Test loss (1.5564)
DEBUG - 04/24/21 18:54:02 - 2:41:18 - Saved model to checkpoints/final/D3all-dec-1-update-15/lastmodel_0.pth
DEBUG - 04/24/21 18:54:02 - 2:41:18 - Ended epoch
INFO - 04/24/21 18:54:02 - 2:41:18 - Starting epoch, Rank 0, Dataset: MIDISongs/preprocessed_allthree/D3
INFO - 04/24/21 19:05:35 - 2:52:51 - Epoch 14 Rank 0 - Train loss: (1.4986), Test loss (1.5407)
DEBUG - 04/24/21 19:05:35 - 2:52:51 - Saved model to checkpoints/final/D3all-dec-1-update-15/lastmodel_0.pth
DEBUG - 04/24/21 19:05:35 - 2:52:51 - Ended epoch
INFO - 04/24/21 19:05:35 - 2:52:51 - Starting epoch, Rank 0, Dataset: MIDISongs/preprocessed_allthree/D3
INFO - 04/24/21 19:17:08 - 3:04:25 - Epoch 15 Rank 0 - Train loss: (1.4709), Test loss (1.5793)
DEBUG - 04/24/21 19:17:08 - 3:04:25 - Saved model to checkpoints/final/D3all-dec-1-update-15/lastmodel_0.pth
DEBUG - 04/24/21 19:17:08 - 3:04:25 - Ended epoch
INFO - 04/24/21 19:17:08 - 3:04:25 - Starting epoch, Rank 0, Dataset: MIDISongs/preprocessed_allthree/D3
INFO - 04/24/21 19:28:42 - 3:15:58 - Epoch 16 Rank 0 - Train loss: (1.4704), Test loss (1.4786)
DEBUG - 04/24/21 19:28:42 - 3:15:59 - Saved model to checkpoints/final/D3all-dec-1-update-15/bestmodel_0.pth
DEBUG - 04/24/21 19:28:42 - 3:15:59 - Saved model to checkpoints/final/D3all-dec-1-update-15/lastmodel_0.pth
DEBUG - 04/24/21 19:28:42 - 3:15:59 - Ended epoch
INFO - 04/24/21 19:28:42 - 3:15:59 - Starting epoch, Rank 0, Dataset: MIDISongs/preprocessed_allthree/D3
INFO - 04/24/21 19:40:17 - 3:27:33 - Epoch 17 Rank 0 - Train loss: (1.4646), Test loss (1.5655)
DEBUG - 04/24/21 19:40:17 - 3:27:33 - Saved model to checkpoints/final/D3all-dec-1-update-15/lastmodel_0.pth
DEBUG - 04/24/21 19:40:17 - 3:27:33 - Ended epoch
INFO - 04/24/21 19:40:17 - 3:27:33 - Starting epoch, Rank 0, Dataset: MIDISongs/preprocessed_allthree/D3
INFO - 04/24/21 19:51:52 - 3:39:08 - Epoch 18 Rank 0 - Train loss: (1.4529), Test loss (1.5102)
DEBUG - 04/24/21 19:51:52 - 3:39:08 - Saved model to checkpoints/final/D3all-dec-1-update-15/lastmodel_0.pth
DEBUG - 04/24/21 19:51:52 - 3:39:08 - Ended epoch
INFO - 04/24/21 19:51:52 - 3:39:08 - Starting epoch, Rank 0, Dataset: MIDISongs/preprocessed_allthree/D3
INFO - 04/24/21 20:03:26 - 3:50:42 - Epoch 19 Rank 0 - Train loss: (1.5067), Test loss (1.5101)
DEBUG - 04/24/21 20:03:26 - 3:50:42 - Saved model to checkpoints/final/D3all-dec-1-update-15/lastmodel_0.pth
DEBUG - 04/24/21 20:03:26 - 3:50:42 - Ended epoch
INFO - 04/24/21 20:03:26 - 3:50:42 - Starting epoch, Rank 0, Dataset: MIDISongs/preprocessed_allthree/D3
INFO - 04/24/21 20:15:00 - 4:02:16 - Epoch 20 Rank 0 - Train loss: (1.4640), Test loss (1.5553)
DEBUG - 04/24/21 20:15:00 - 4:02:16 - Saved model to checkpoints/final/D3all-dec-1-update-15/lastmodel_0.pth
DEBUG - 04/24/21 20:15:00 - 4:02:16 - Ended epoch
INFO - 04/24/21 20:15:00 - 4:02:16 - Starting epoch, Rank 0, Dataset: MIDISongs/preprocessed_allthree/D3
INFO - 04/24/21 20:26:34 - 4:13:50 - Epoch 21 Rank 0 - Train loss: (1.4694), Test loss (1.5935)
DEBUG - 04/24/21 20:26:34 - 4:13:50 - Saved model to checkpoints/final/D3all-dec-1-update-15/lastmodel_0.pth
DEBUG - 04/24/21 20:26:34 - 4:13:50 - Ended epoch
INFO - 04/24/21 20:26:34 - 4:13:50 - Starting epoch, Rank 0, Dataset: MIDISongs/preprocessed_allthree/D3
INFO - 04/24/21 20:38:08 - 4:25:24 - Epoch 22 Rank 0 - Train loss: (1.4514), Test loss (1.5671)
DEBUG - 04/24/21 20:38:08 - 4:25:25 - Saved model to checkpoints/final/D3all-dec-1-update-15/lastmodel_0.pth
DEBUG - 04/24/21 20:38:08 - 4:25:25 - Ended epoch
INFO - 04/24/21 20:38:08 - 4:25:25 - Starting epoch, Rank 0, Dataset: MIDISongs/preprocessed_allthree/D3
INFO - 04/24/21 20:49:42 - 4:36:58 - Epoch 23 Rank 0 - Train loss: (1.4537), Test loss (1.5206)
DEBUG - 04/24/21 20:49:42 - 4:36:58 - Saved model to checkpoints/final/D3all-dec-1-update-15/lastmodel_0.pth
DEBUG - 04/24/21 20:49:42 - 4:36:58 - Ended epoch
INFO - 04/24/21 20:49:42 - 4:36:58 - Starting epoch, Rank 0, Dataset: MIDISongs/preprocessed_allthree/D3
INFO - 04/24/21 21:01:16 - 4:48:32 - Epoch 24 Rank 0 - Train loss: (1.4594), Test loss (1.4813)
DEBUG - 04/24/21 21:01:16 - 4:48:32 - Saved model to checkpoints/final/D3all-dec-1-update-15/lastmodel_0.pth
DEBUG - 04/24/21 21:01:16 - 4:48:32 - Ended epoch
INFO - 04/24/21 21:01:16 - 4:48:32 - Starting epoch, Rank 0, Dataset: MIDISongs/preprocessed_allthree/D3
INFO - 04/24/21 21:12:49 - 5:00:05 - Epoch 25 Rank 0 - Train loss: (1.4393), Test loss (1.5153)
DEBUG - 04/24/21 21:12:49 - 5:00:06 - Saved model to checkpoints/final/D3all-dec-1-update-15/lastmodel_0.pth
DEBUG - 04/24/21 21:12:49 - 5:00:06 - Ended epoch
INFO - 04/24/21 21:12:49 - 5:00:06 - Starting epoch, Rank 0, Dataset: MIDISongs/preprocessed_allthree/D3
INFO - 04/24/21 21:24:23 - 5:11:39 - Epoch 26 Rank 0 - Train loss: (1.4432), Test loss (1.5208)
DEBUG - 04/24/21 21:24:23 - 5:11:39 - Saved model to checkpoints/final/D3all-dec-1-update-15/lastmodel_0.pth
DEBUG - 04/24/21 21:24:23 - 5:11:39 - Ended epoch
INFO - 04/24/21 21:24:23 - 5:11:39 - Starting epoch, Rank 0, Dataset: MIDISongs/preprocessed_allthree/D3
INFO - 04/24/21 21:35:56 - 5:23:13 - Epoch 27 Rank 0 - Train loss: (1.4323), Test loss (1.4848)
DEBUG - 04/24/21 21:35:57 - 5:23:13 - Saved model to checkpoints/final/D3all-dec-1-update-15/lastmodel_0.pth
DEBUG - 04/24/21 21:35:57 - 5:23:13 - Ended epoch
INFO - 04/24/21 21:35:57 - 5:23:13 - Starting epoch, Rank 0, Dataset: MIDISongs/preprocessed_allthree/D3
INFO - 04/24/21 21:47:30 - 5:34:47 - Epoch 28 Rank 0 - Train loss: (1.4329), Test loss (1.5049)
DEBUG - 04/24/21 21:47:31 - 5:34:47 - Saved model to checkpoints/final/D3all-dec-1-update-15/lastmodel_0.pth
DEBUG - 04/24/21 21:47:31 - 5:34:47 - Ended epoch
INFO - 04/24/21 21:47:31 - 5:34:47 - Starting epoch, Rank 0, Dataset: MIDISongs/preprocessed_allthree/D3
INFO - 04/24/21 21:59:04 - 5:46:20 - Epoch 29 Rank 0 - Train loss: (1.4392), Test loss (1.4471)
DEBUG - 04/24/21 21:59:04 - 5:46:21 - Saved model to checkpoints/final/D3all-dec-1-update-15/bestmodel_0.pth
DEBUG - 04/24/21 21:59:04 - 5:46:21 - Saved model to checkpoints/final/D3all-dec-1-update-15/lastmodel_0.pth
DEBUG - 04/24/21 21:59:04 - 5:46:21 - Ended epoch
INFO - 04/24/21 21:59:04 - 5:46:21 - Starting epoch, Rank 0, Dataset: MIDISongs/preprocessed_allthree/D3
INFO - 04/24/21 22:10:38 - 5:57:55 - Epoch 30 Rank 0 - Train loss: (1.4274), Test loss (1.5394)
DEBUG - 04/24/21 22:10:38 - 5:57:55 - Saved model to checkpoints/final/D3all-dec-1-update-15/lastmodel_0.pth
DEBUG - 04/24/21 22:10:38 - 5:57:55 - Ended epoch
INFO - 04/24/21 22:10:38 - 5:57:55 - Starting epoch, Rank 0, Dataset: MIDISongs/preprocessed_allthree/D3
INFO - 04/24/21 22:22:12 - 6:09:29 - Epoch 31 Rank 0 - Train loss: (1.4194), Test loss (1.4480)
DEBUG - 04/24/21 22:22:12 - 6:09:29 - Saved model to checkpoints/final/D3all-dec-1-update-15/lastmodel_0.pth
DEBUG - 04/24/21 22:22:12 - 6:09:29 - Ended epoch
INFO - 04/24/21 22:22:12 - 6:09:29 - Starting epoch, Rank 0, Dataset: MIDISongs/preprocessed_allthree/D3
INFO - 04/24/21 22:33:47 - 6:21:03 - Epoch 32 Rank 0 - Train loss: (1.4265), Test loss (1.5227)
DEBUG - 04/24/21 22:33:47 - 6:21:03 - Saved model to checkpoints/final/D3all-dec-1-update-15/lastmodel_0.pth
DEBUG - 04/24/21 22:33:47 - 6:21:03 - Ended epoch
INFO - 04/24/21 22:33:47 - 6:21:03 - Starting epoch, Rank 0, Dataset: MIDISongs/preprocessed_allthree/D3
INFO - 04/24/21 22:45:21 - 6:32:38 - Epoch 33 Rank 0 - Train loss: (1.4192), Test loss (1.4550)
DEBUG - 04/24/21 22:45:21 - 6:32:38 - Saved model to checkpoints/final/D3all-dec-1-update-15/lastmodel_0.pth
DEBUG - 04/24/21 22:45:21 - 6:32:38 - Ended epoch
INFO - 04/24/21 22:45:21 - 6:32:38 - Starting epoch, Rank 0, Dataset: MIDISongs/preprocessed_allthree/D3
INFO - 04/24/21 22:56:55 - 6:44:12 - Epoch 34 Rank 0 - Train loss: (1.4146), Test loss (1.4783)
DEBUG - 04/24/21 22:56:56 - 6:44:12 - Saved model to checkpoints/final/D3all-dec-1-update-15/lastmodel_0.pth
DEBUG - 04/24/21 22:56:56 - 6:44:12 - Ended epoch
INFO - 04/24/21 22:56:56 - 6:44:12 - Starting epoch, Rank 0, Dataset: MIDISongs/preprocessed_allthree/D3
INFO - 04/24/21 23:08:29 - 6:55:45 - Epoch 35 Rank 0 - Train loss: (1.4153), Test loss (1.5466)
DEBUG - 04/24/21 23:08:29 - 6:55:45 - Saved model to checkpoints/final/D3all-dec-1-update-15/lastmodel_0.pth
DEBUG - 04/24/21 23:08:29 - 6:55:45 - Ended epoch
INFO - 04/24/21 23:08:29 - 6:55:45 - Starting epoch, Rank 0, Dataset: MIDISongs/preprocessed_allthree/D3
INFO - 04/24/21 23:20:03 - 7:07:19 - Epoch 36 Rank 0 - Train loss: (1.3995), Test loss (1.5107)
DEBUG - 04/24/21 23:20:03 - 7:07:19 - Saved model to checkpoints/final/D3all-dec-1-update-15/lastmodel_0.pth
DEBUG - 04/24/21 23:20:03 - 7:07:19 - Ended epoch
INFO - 04/24/21 23:20:03 - 7:07:19 - Starting epoch, Rank 0, Dataset: MIDISongs/preprocessed_allthree/D3
INFO - 04/24/21 23:31:37 - 7:18:53 - Epoch 37 Rank 0 - Train loss: (1.4169), Test loss (1.5476)
DEBUG - 04/24/21 23:31:37 - 7:18:53 - Saved model to checkpoints/final/D3all-dec-1-update-15/lastmodel_0.pth
DEBUG - 04/24/21 23:31:37 - 7:18:53 - Ended epoch
INFO - 04/24/21 23:31:37 - 7:18:53 - Starting epoch, Rank 0, Dataset: MIDISongs/preprocessed_allthree/D3
INFO - 04/24/21 23:43:11 - 7:30:28 - Epoch 38 Rank 0 - Train loss: (1.4179), Test loss (1.5208)
DEBUG - 04/24/21 23:43:11 - 7:30:28 - Saved model to checkpoints/final/D3all-dec-1-update-15/lastmodel_0.pth
DEBUG - 04/24/21 23:43:11 - 7:30:28 - Ended epoch
INFO - 04/24/21 23:43:11 - 7:30:28 - Starting epoch, Rank 0, Dataset: MIDISongs/preprocessed_allthree/D3
INFO - 04/24/21 23:54:46 - 7:42:02 - Epoch 39 Rank 0 - Train loss: (1.4526), Test loss (1.4960)
DEBUG - 04/24/21 23:54:46 - 7:42:02 - Saved model to checkpoints/final/D3all-dec-1-update-15/lastmodel_0.pth
DEBUG - 04/24/21 23:54:46 - 7:42:02 - Ended epoch
INFO - 04/24/21 23:54:46 - 7:42:02 - Starting epoch, Rank 0, Dataset: MIDISongs/preprocessed_allthree/D3
INFO - 04/25/21 00:06:20 - 7:53:37 - Epoch 40 Rank 0 - Train loss: (1.4108), Test loss (1.4113)
DEBUG - 04/25/21 00:06:20 - 7:53:37 - Saved model to checkpoints/final/D3all-dec-1-update-15/bestmodel_0.pth
DEBUG - 04/25/21 00:06:21 - 7:53:37 - Saved model to checkpoints/final/D3all-dec-1-update-15/lastmodel_0.pth
DEBUG - 04/25/21 00:06:21 - 7:53:37 - Ended epoch
INFO - 04/25/21 00:06:21 - 7:53:37 - Starting epoch, Rank 0, Dataset: MIDISongs/preprocessed_allthree/D3
INFO - 04/25/21 00:17:55 - 8:05:11 - Epoch 41 Rank 0 - Train loss: (1.4053), Test loss (1.5004)
DEBUG - 04/25/21 00:17:55 - 8:05:11 - Saved model to checkpoints/final/D3all-dec-1-update-15/lastmodel_0.pth
DEBUG - 04/25/21 00:17:55 - 8:05:11 - Ended epoch
INFO - 04/25/21 00:17:55 - 8:05:11 - Starting epoch, Rank 0, Dataset: MIDISongs/preprocessed_allthree/D3
INFO - 04/25/21 00:29:29 - 8:16:46 - Epoch 42 Rank 0 - Train loss: (1.3980), Test loss (1.5452)
DEBUG - 04/25/21 00:29:29 - 8:16:46 - Saved model to checkpoints/final/D3all-dec-1-update-15/lastmodel_0.pth
DEBUG - 04/25/21 00:29:29 - 8:16:46 - Ended epoch
INFO - 04/25/21 00:29:29 - 8:16:46 - Starting epoch, Rank 0, Dataset: MIDISongs/preprocessed_allthree/D3
INFO - 04/25/21 00:41:03 - 8:28:20 - Epoch 43 Rank 0 - Train loss: (1.4046), Test loss (1.4757)
DEBUG - 04/25/21 00:41:03 - 8:28:20 - Saved model to checkpoints/final/D3all-dec-1-update-15/lastmodel_0.pth
DEBUG - 04/25/21 00:41:03 - 8:28:20 - Ended epoch
INFO - 04/25/21 00:41:03 - 8:28:20 - Starting epoch, Rank 0, Dataset: MIDISongs/preprocessed_allthree/D3
INFO - 04/25/21 00:52:37 - 8:39:54 - Epoch 44 Rank 0 - Train loss: (1.3944), Test loss (1.4778)
DEBUG - 04/25/21 00:52:37 - 8:39:54 - Saved model to checkpoints/final/D3all-dec-1-update-15/lastmodel_0.pth
DEBUG - 04/25/21 00:52:37 - 8:39:54 - Ended epoch
INFO - 04/25/21 00:52:37 - 8:39:54 - Starting epoch, Rank 0, Dataset: MIDISongs/preprocessed_allthree/D3
INFO - 04/25/21 01:04:11 - 8:51:28 - Epoch 45 Rank 0 - Train loss: (1.4039), Test loss (1.4644)
DEBUG - 04/25/21 01:04:12 - 8:51:28 - Saved model to checkpoints/final/D3all-dec-1-update-15/lastmodel_0.pth
DEBUG - 04/25/21 01:04:12 - 8:51:28 - Ended epoch
INFO - 04/25/21 01:04:12 - 8:51:28 - Starting epoch, Rank 0, Dataset: MIDISongs/preprocessed_allthree/D3
INFO - 04/25/21 01:15:46 - 9:03:02 - Epoch 46 Rank 0 - Train loss: (1.3989), Test loss (1.4344)
DEBUG - 04/25/21 01:15:46 - 9:03:02 - Saved model to checkpoints/final/D3all-dec-1-update-15/lastmodel_0.pth
DEBUG - 04/25/21 01:15:46 - 9:03:02 - Ended epoch
INFO - 04/25/21 01:15:46 - 9:03:02 - Starting epoch, Rank 0, Dataset: MIDISongs/preprocessed_allthree/D3
INFO - 04/25/21 01:27:20 - 9:14:36 - Epoch 47 Rank 0 - Train loss: (1.3909), Test loss (1.5145)
DEBUG - 04/25/21 01:27:20 - 9:14:36 - Saved model to checkpoints/final/D3all-dec-1-update-15/lastmodel_0.pth
DEBUG - 04/25/21 01:27:20 - 9:14:36 - Ended epoch
INFO - 04/25/21 01:27:20 - 9:14:36 - Starting epoch, Rank 0, Dataset: MIDISongs/preprocessed_allthree/D3
INFO - 04/25/21 01:38:55 - 9:26:11 - Epoch 48 Rank 0 - Train loss: (1.3827), Test loss (1.4663)
DEBUG - 04/25/21 01:38:55 - 9:26:11 - Saved model to checkpoints/final/D3all-dec-1-update-15/lastmodel_0.pth
DEBUG - 04/25/21 01:38:55 - 9:26:11 - Ended epoch
INFO - 04/25/21 01:38:55 - 9:26:11 - Starting epoch, Rank 0, Dataset: MIDISongs/preprocessed_allthree/D3
INFO - 04/25/21 01:50:30 - 9:37:46 - Epoch 49 Rank 0 - Train loss: (1.3948), Test loss (1.4866)
DEBUG - 04/25/21 01:50:30 - 9:37:46 - Saved model to checkpoints/final/D3all-dec-1-update-15/lastmodel_0.pth
DEBUG - 04/25/21 01:50:30 - 9:37:46 - Ended epoch
INFO - 04/25/21 01:50:30 - 9:37:46 - Starting epoch, Rank 0, Dataset: MIDISongs/preprocessed_allthree/D3
INFO - 04/25/21 02:02:06 - 9:49:22 - Epoch 50 Rank 0 - Train loss: (1.3840), Test loss (1.4594)
DEBUG - 04/25/21 02:02:06 - 9:49:22 - Saved model to checkpoints/final/D3all-dec-1-update-15/lastmodel_0.pth
DEBUG - 04/25/21 02:02:06 - 9:49:22 - Ended epoch
INFO - 04/25/21 02:02:06 - 9:49:22 - Starting epoch, Rank 0, Dataset: MIDISongs/preprocessed_allthree/D3
INFO - 04/25/21 02:13:41 - 10:00:58 - Epoch 51 Rank 0 - Train loss: (1.3883), Test loss (1.4513)
DEBUG - 04/25/21 02:13:41 - 10:00:58 - Saved model to checkpoints/final/D3all-dec-1-update-15/lastmodel_0.pth
DEBUG - 04/25/21 02:13:41 - 10:00:58 - Ended epoch
INFO - 04/25/21 02:13:41 - 10:00:58 - Starting epoch, Rank 0, Dataset: MIDISongs/preprocessed_allthree/D3
INFO - 04/25/21 02:25:17 - 10:12:33 - Epoch 52 Rank 0 - Train loss: (1.3841), Test loss (1.4834)
DEBUG - 04/25/21 02:25:17 - 10:12:33 - Saved model to checkpoints/final/D3all-dec-1-update-15/lastmodel_0.pth
DEBUG - 04/25/21 02:25:17 - 10:12:33 - Ended epoch
INFO - 04/25/21 02:25:17 - 10:12:33 - Starting epoch, Rank 0, Dataset: MIDISongs/preprocessed_allthree/D3
INFO - 04/25/21 02:36:52 - 10:24:08 - Epoch 53 Rank 0 - Train loss: (1.3874), Test loss (1.4787)
DEBUG - 04/25/21 02:36:52 - 10:24:08 - Saved model to checkpoints/final/D3all-dec-1-update-15/lastmodel_0.pth
DEBUG - 04/25/21 02:36:52 - 10:24:08 - Ended epoch
INFO - 04/25/21 02:36:52 - 10:24:08 - Starting epoch, Rank 0, Dataset: MIDISongs/preprocessed_allthree/D3
INFO - 04/25/21 02:48:27 - 10:35:43 - Epoch 54 Rank 0 - Train loss: (1.3920), Test loss (1.5018)
DEBUG - 04/25/21 02:48:27 - 10:35:43 - Saved model to checkpoints/final/D3all-dec-1-update-15/lastmodel_0.pth
DEBUG - 04/25/21 02:48:27 - 10:35:43 - Ended epoch
INFO - 04/25/21 02:48:27 - 10:35:43 - Starting epoch, Rank 0, Dataset: MIDISongs/preprocessed_allthree/D3
INFO - 04/25/21 03:00:00 - 10:47:17 - Epoch 55 Rank 0 - Train loss: (1.3726), Test loss (1.4801)
DEBUG - 04/25/21 03:00:01 - 10:47:17 - Saved model to checkpoints/final/D3all-dec-1-update-15/lastmodel_0.pth
DEBUG - 04/25/21 03:00:01 - 10:47:17 - Ended epoch
INFO - 04/25/21 03:00:01 - 10:47:17 - Starting epoch, Rank 0, Dataset: MIDISongs/preprocessed_allthree/D3
INFO - 04/25/21 03:11:34 - 10:58:50 - Epoch 56 Rank 0 - Train loss: (1.3883), Test loss (1.4180)
DEBUG - 04/25/21 03:11:34 - 10:58:50 - Saved model to checkpoints/final/D3all-dec-1-update-15/lastmodel_0.pth
DEBUG - 04/25/21 03:11:34 - 10:58:50 - Ended epoch
INFO - 04/25/21 03:11:34 - 10:58:50 - Starting epoch, Rank 0, Dataset: MIDISongs/preprocessed_allthree/D3
INFO - 04/25/21 03:23:07 - 11:10:23 - Epoch 57 Rank 0 - Train loss: (1.3729), Test loss (1.4301)
DEBUG - 04/25/21 03:23:07 - 11:10:23 - Saved model to checkpoints/final/D3all-dec-1-update-15/lastmodel_0.pth
DEBUG - 04/25/21 03:23:07 - 11:10:23 - Ended epoch
INFO - 04/25/21 03:23:07 - 11:10:23 - Starting epoch, Rank 0, Dataset: MIDISongs/preprocessed_allthree/D3
INFO - 04/25/21 03:34:40 - 11:21:57 - Epoch 58 Rank 0 - Train loss: (1.3854), Test loss (1.4258)
DEBUG - 04/25/21 03:34:41 - 11:21:57 - Saved model to checkpoints/final/D3all-dec-1-update-15/lastmodel_0.pth
DEBUG - 04/25/21 03:34:41 - 11:21:57 - Ended epoch
INFO - 04/25/21 03:34:41 - 11:21:57 - Starting epoch, Rank 0, Dataset: MIDISongs/preprocessed_allthree/D3
INFO - 04/25/21 03:46:14 - 11:33:30 - Epoch 59 Rank 0 - Train loss: (1.3804), Test loss (1.4585)
DEBUG - 04/25/21 03:46:14 - 11:33:30 - Saved model to checkpoints/final/D3all-dec-1-update-15/lastmodel_0.pth
DEBUG - 04/25/21 03:46:14 - 11:33:30 - Ended epoch
INFO - 04/25/21 03:46:14 - 11:33:30 - Starting epoch, Rank 0, Dataset: MIDISongs/preprocessed_allthree/D3
INFO - 04/25/21 03:57:48 - 11:45:04 - Epoch 60 Rank 0 - Train loss: (1.3809), Test loss (1.4275)
DEBUG - 04/25/21 03:57:48 - 11:45:04 - Saved model to checkpoints/final/D3all-dec-1-update-15/lastmodel_0.pth
DEBUG - 04/25/21 03:57:48 - 11:45:04 - Ended epoch
INFO - 04/25/21 03:57:48 - 11:45:04 - Starting epoch, Rank 0, Dataset: MIDISongs/preprocessed_allthree/D3
INFO - 04/25/21 04:09:21 - 11:56:37 - Epoch 61 Rank 0 - Train loss: (1.3654), Test loss (1.4846)
DEBUG - 04/25/21 04:09:21 - 11:56:38 - Saved model to checkpoints/final/D3all-dec-1-update-15/lastmodel_0.pth
DEBUG - 04/25/21 04:09:21 - 11:56:38 - Ended epoch
INFO - 04/25/21 04:09:21 - 11:56:38 - Starting epoch, Rank 0, Dataset: MIDISongs/preprocessed_allthree/D3
INFO - 04/25/21 04:20:55 - 12:08:11 - Epoch 62 Rank 0 - Train loss: (1.3825), Test loss (1.5106)
DEBUG - 04/25/21 04:20:55 - 12:08:11 - Saved model to checkpoints/final/D3all-dec-1-update-15/lastmodel_0.pth
DEBUG - 04/25/21 04:20:55 - 12:08:11 - Ended epoch
INFO - 04/25/21 04:20:55 - 12:08:11 - Starting epoch, Rank 0, Dataset: MIDISongs/preprocessed_allthree/D3
INFO - 04/25/21 04:32:29 - 12:19:45 - Epoch 63 Rank 0 - Train loss: (1.3695), Test loss (1.4652)
DEBUG - 04/25/21 04:32:29 - 12:19:45 - Saved model to checkpoints/final/D3all-dec-1-update-15/lastmodel_0.pth
DEBUG - 04/25/21 04:32:29 - 12:19:45 - Ended epoch
INFO - 04/25/21 04:32:29 - 12:19:45 - Starting epoch, Rank 0, Dataset: MIDISongs/preprocessed_allthree/D3
INFO - 04/25/21 04:44:03 - 12:31:19 - Epoch 64 Rank 0 - Train loss: (1.3793), Test loss (1.4722)
DEBUG - 04/25/21 04:44:03 - 12:31:19 - Saved model to checkpoints/final/D3all-dec-1-update-15/lastmodel_0.pth
DEBUG - 04/25/21 04:44:03 - 12:31:19 - Ended epoch
INFO - 04/25/21 04:44:03 - 12:31:19 - Starting epoch, Rank 0, Dataset: MIDISongs/preprocessed_allthree/D3
INFO - 04/25/21 04:55:38 - 12:42:54 - Epoch 65 Rank 0 - Train loss: (1.3660), Test loss (1.4941)
DEBUG - 04/25/21 04:55:38 - 12:42:54 - Saved model to checkpoints/final/D3all-dec-1-update-15/lastmodel_0.pth
DEBUG - 04/25/21 04:55:38 - 12:42:54 - Ended epoch
INFO - 04/25/21 04:55:38 - 12:42:54 - Starting epoch, Rank 0, Dataset: MIDISongs/preprocessed_allthree/D3
INFO - 04/25/21 05:07:13 - 12:54:29 - Epoch 66 Rank 0 - Train loss: (1.3651), Test loss (1.4979)
DEBUG - 04/25/21 05:07:13 - 12:54:29 - Saved model to checkpoints/final/D3all-dec-1-update-15/lastmodel_0.pth
DEBUG - 04/25/21 05:07:13 - 12:54:29 - Ended epoch
INFO - 04/25/21 05:07:13 - 12:54:29 - Starting epoch, Rank 0, Dataset: MIDISongs/preprocessed_allthree/D3
INFO - 04/25/21 05:18:47 - 13:06:03 - Epoch 67 Rank 0 - Train loss: (1.3710), Test loss (1.4626)
DEBUG - 04/25/21 05:18:47 - 13:06:03 - Saved model to checkpoints/final/D3all-dec-1-update-15/lastmodel_0.pth
DEBUG - 04/25/21 05:18:47 - 13:06:03 - Ended epoch
INFO - 04/25/21 05:18:47 - 13:06:03 - Starting epoch, Rank 0, Dataset: MIDISongs/preprocessed_allthree/D3
INFO - 04/25/21 05:30:21 - 13:17:38 - Epoch 68 Rank 0 - Train loss: (1.3722), Test loss (1.4105)
DEBUG - 04/25/21 05:30:21 - 13:17:38 - Saved model to checkpoints/final/D3all-dec-1-update-15/bestmodel_0.pth
DEBUG - 04/25/21 05:30:21 - 13:17:38 - Saved model to checkpoints/final/D3all-dec-1-update-15/lastmodel_0.pth
DEBUG - 04/25/21 05:30:21 - 13:17:38 - Ended epoch
INFO - 04/25/21 05:30:21 - 13:17:38 - Starting epoch, Rank 0, Dataset: MIDISongs/preprocessed_allthree/D3
INFO - 04/25/21 05:41:55 - 13:29:11 - Epoch 69 Rank 0 - Train loss: (1.3618), Test loss (1.4521)
DEBUG - 04/25/21 05:41:55 - 13:29:12 - Saved model to checkpoints/final/D3all-dec-1-update-15/lastmodel_0.pth
DEBUG - 04/25/21 05:41:55 - 13:29:12 - Ended epoch
INFO - 04/25/21 05:41:55 - 13:29:12 - Starting epoch, Rank 0, Dataset: MIDISongs/preprocessed_allthree/D3
INFO - 04/25/21 05:53:30 - 13:40:46 - Epoch 70 Rank 0 - Train loss: (1.3666), Test loss (1.4366)
DEBUG - 04/25/21 05:53:30 - 13:40:46 - Saved model to checkpoints/final/D3all-dec-1-update-15/lastmodel_0.pth
DEBUG - 04/25/21 05:53:30 - 13:40:46 - Ended epoch
INFO - 04/25/21 05:53:30 - 13:40:46 - Starting epoch, Rank 0, Dataset: MIDISongs/preprocessed_allthree/D3
INFO - 04/25/21 06:05:05 - 13:52:21 - Epoch 71 Rank 0 - Train loss: (1.3657), Test loss (1.4397)
DEBUG - 04/25/21 06:05:05 - 13:52:21 - Saved model to checkpoints/final/D3all-dec-1-update-15/lastmodel_0.pth
DEBUG - 04/25/21 06:05:05 - 13:52:21 - Ended epoch
INFO - 04/25/21 06:05:05 - 13:52:21 - Starting epoch, Rank 0, Dataset: MIDISongs/preprocessed_allthree/D3
INFO - 04/25/21 06:16:39 - 14:03:55 - Epoch 72 Rank 0 - Train loss: (1.3579), Test loss (1.4871)
DEBUG - 04/25/21 06:16:39 - 14:03:55 - Saved model to checkpoints/final/D3all-dec-1-update-15/lastmodel_0.pth
DEBUG - 04/25/21 06:16:39 - 14:03:55 - Ended epoch
INFO - 04/25/21 06:16:39 - 14:03:55 - Starting epoch, Rank 0, Dataset: MIDISongs/preprocessed_allthree/D3
INFO - 04/25/21 06:28:13 - 14:15:29 - Epoch 73 Rank 0 - Train loss: (1.3643), Test loss (1.4211)
DEBUG - 04/25/21 06:28:13 - 14:15:30 - Saved model to checkpoints/final/D3all-dec-1-update-15/lastmodel_0.pth
DEBUG - 04/25/21 06:28:13 - 14:15:30 - Ended epoch
INFO - 04/25/21 06:28:13 - 14:15:30 - Starting epoch, Rank 0, Dataset: MIDISongs/preprocessed_allthree/D3
INFO - 04/25/21 06:39:47 - 14:27:04 - Epoch 74 Rank 0 - Train loss: (1.3586), Test loss (1.4358)
DEBUG - 04/25/21 06:39:47 - 14:27:04 - Saved model to checkpoints/final/D3all-dec-1-update-15/lastmodel_0.pth
DEBUG - 04/25/21 06:39:47 - 14:27:04 - Ended epoch
INFO - 04/25/21 06:39:47 - 14:27:04 - Starting epoch, Rank 0, Dataset: MIDISongs/preprocessed_allthree/D3
INFO - 04/25/21 06:51:21 - 14:38:38 - Epoch 75 Rank 0 - Train loss: (1.3757), Test loss (1.4774)
DEBUG - 04/25/21 06:51:21 - 14:38:38 - Saved model to checkpoints/final/D3all-dec-1-update-15/lastmodel_0.pth
DEBUG - 04/25/21 06:51:21 - 14:38:38 - Ended epoch
INFO - 04/25/21 06:51:21 - 14:38:38 - Starting epoch, Rank 0, Dataset: MIDISongs/preprocessed_allthree/D3
INFO - 04/25/21 07:02:55 - 14:50:11 - Epoch 76 Rank 0 - Train loss: (1.3531), Test loss (1.4035)
DEBUG - 04/25/21 07:02:55 - 14:50:11 - Saved model to checkpoints/final/D3all-dec-1-update-15/bestmodel_0.pth
DEBUG - 04/25/21 07:02:55 - 14:50:12 - Saved model to checkpoints/final/D3all-dec-1-update-15/lastmodel_0.pth
DEBUG - 04/25/21 07:02:55 - 14:50:12 - Ended epoch
INFO - 04/25/21 07:02:55 - 14:50:12 - Starting epoch, Rank 0, Dataset: MIDISongs/preprocessed_allthree/D3
INFO - 04/25/21 07:14:29 - 15:01:46 - Epoch 77 Rank 0 - Train loss: (1.3553), Test loss (1.4332)
DEBUG - 04/25/21 07:14:29 - 15:01:46 - Saved model to checkpoints/final/D3all-dec-1-update-15/lastmodel_0.pth
DEBUG - 04/25/21 07:14:29 - 15:01:46 - Ended epoch
INFO - 04/25/21 07:14:29 - 15:01:46 - Starting epoch, Rank 0, Dataset: MIDISongs/preprocessed_allthree/D3
INFO - 04/25/21 07:26:03 - 15:13:19 - Epoch 78 Rank 0 - Train loss: (1.3567), Test loss (1.4655)
DEBUG - 04/25/21 07:26:03 - 15:13:20 - Saved model to checkpoints/final/D3all-dec-1-update-15/lastmodel_0.pth
DEBUG - 04/25/21 07:26:03 - 15:13:20 - Ended epoch
INFO - 04/25/21 07:26:03 - 15:13:20 - Starting epoch, Rank 0, Dataset: MIDISongs/preprocessed_allthree/D3
INFO - 04/25/21 07:37:37 - 15:24:53 - Epoch 79 Rank 0 - Train loss: (1.3805), Test loss (1.4298)
DEBUG - 04/25/21 07:37:37 - 15:24:53 - Saved model to checkpoints/final/D3all-dec-1-update-15/lastmodel_0.pth
DEBUG - 04/25/21 07:37:37 - 15:24:53 - Ended epoch
INFO - 04/25/21 07:37:37 - 15:24:53 - Starting epoch, Rank 0, Dataset: MIDISongs/preprocessed_allthree/D3
INFO - 04/25/21 07:49:11 - 15:36:27 - Epoch 80 Rank 0 - Train loss: (1.3717), Test loss (1.4648)
DEBUG - 04/25/21 07:49:11 - 15:36:27 - Saved model to checkpoints/final/D3all-dec-1-update-15/lastmodel_0.pth
DEBUG - 04/25/21 07:49:11 - 15:36:27 - Ended epoch
INFO - 04/25/21 07:49:11 - 15:36:27 - Starting epoch, Rank 0, Dataset: MIDISongs/preprocessed_allthree/D3
INFO - 04/25/21 08:00:45 - 15:48:01 - Epoch 81 Rank 0 - Train loss: (1.3414), Test loss (1.4215)
DEBUG - 04/25/21 08:00:45 - 15:48:01 - Saved model to checkpoints/final/D3all-dec-1-update-15/lastmodel_0.pth
DEBUG - 04/25/21 08:00:45 - 15:48:01 - Ended epoch
INFO - 04/25/21 08:00:45 - 15:48:01 - Starting epoch, Rank 0, Dataset: MIDISongs/preprocessed_allthree/D3
INFO - 04/25/21 08:12:19 - 15:59:35 - Epoch 82 Rank 0 - Train loss: (1.3542), Test loss (1.3867)
DEBUG - 04/25/21 08:12:19 - 15:59:36 - Saved model to checkpoints/final/D3all-dec-1-update-15/bestmodel_0.pth
DEBUG - 04/25/21 08:12:19 - 15:59:36 - Saved model to checkpoints/final/D3all-dec-1-update-15/lastmodel_0.pth
DEBUG - 04/25/21 08:12:19 - 15:59:36 - Ended epoch
INFO - 04/25/21 08:12:19 - 15:59:36 - Starting epoch, Rank 0, Dataset: MIDISongs/preprocessed_allthree/D3
INFO - 04/25/21 08:23:54 - 16:11:10 - Epoch 83 Rank 0 - Train loss: (1.3631), Test loss (1.4806)
DEBUG - 04/25/21 08:23:54 - 16:11:10 - Saved model to checkpoints/final/D3all-dec-1-update-15/lastmodel_0.pth
DEBUG - 04/25/21 08:23:54 - 16:11:10 - Ended epoch
INFO - 04/25/21 08:23:54 - 16:11:10 - Starting epoch, Rank 0, Dataset: MIDISongs/preprocessed_allthree/D3
INFO - 04/25/21 08:35:28 - 16:22:45 - Epoch 84 Rank 0 - Train loss: (1.3596), Test loss (1.4221)
DEBUG - 04/25/21 08:35:28 - 16:22:45 - Saved model to checkpoints/final/D3all-dec-1-update-15/lastmodel_0.pth
DEBUG - 04/25/21 08:35:28 - 16:22:45 - Ended epoch
INFO - 04/25/21 08:35:28 - 16:22:45 - Starting epoch, Rank 0, Dataset: MIDISongs/preprocessed_allthree/D3
INFO - 04/25/21 08:47:02 - 16:34:18 - Epoch 85 Rank 0 - Train loss: (1.3542), Test loss (1.4585)
DEBUG - 04/25/21 08:47:02 - 16:34:18 - Saved model to checkpoints/final/D3all-dec-1-update-15/lastmodel_0.pth
DEBUG - 04/25/21 08:47:02 - 16:34:18 - Ended epoch
INFO - 04/25/21 08:47:02 - 16:34:18 - Starting epoch, Rank 0, Dataset: MIDISongs/preprocessed_allthree/D3
INFO - 04/25/21 08:58:36 - 16:45:52 - Epoch 86 Rank 0 - Train loss: (1.3889), Test loss (1.3808)
DEBUG - 04/25/21 08:58:36 - 16:45:52 - Saved model to checkpoints/final/D3all-dec-1-update-15/bestmodel_0.pth
DEBUG - 04/25/21 08:58:36 - 16:45:52 - Saved model to checkpoints/final/D3all-dec-1-update-15/lastmodel_0.pth
DEBUG - 04/25/21 08:58:36 - 16:45:52 - Ended epoch
INFO - 04/25/21 08:58:36 - 16:45:52 - Starting epoch, Rank 0, Dataset: MIDISongs/preprocessed_allthree/D3
INFO - 04/25/21 09:10:09 - 16:57:26 - Epoch 87 Rank 0 - Train loss: (1.3694), Test loss (1.4278)
DEBUG - 04/25/21 09:10:10 - 16:57:26 - Saved model to checkpoints/final/D3all-dec-1-update-15/lastmodel_0.pth
DEBUG - 04/25/21 09:10:10 - 16:57:26 - Ended epoch
INFO - 04/25/21 09:10:10 - 16:57:26 - Starting epoch, Rank 0, Dataset: MIDISongs/preprocessed_allthree/D3
INFO - 04/25/21 09:21:43 - 17:08:59 - Epoch 88 Rank 0 - Train loss: (1.3450), Test loss (1.4645)
DEBUG - 04/25/21 09:21:43 - 17:09:00 - Saved model to checkpoints/final/D3all-dec-1-update-15/lastmodel_0.pth
DEBUG - 04/25/21 09:21:43 - 17:09:00 - Ended epoch
INFO - 04/25/21 09:21:43 - 17:09:00 - Starting epoch, Rank 0, Dataset: MIDISongs/preprocessed_allthree/D3
INFO - 04/25/21 09:33:18 - 17:20:34 - Epoch 89 Rank 0 - Train loss: (1.3457), Test loss (1.4204)
DEBUG - 04/25/21 09:33:18 - 17:20:34 - Saved model to checkpoints/final/D3all-dec-1-update-15/lastmodel_0.pth
DEBUG - 04/25/21 09:33:18 - 17:20:34 - Ended epoch
INFO - 04/25/21 09:33:18 - 17:20:34 - Starting epoch, Rank 0, Dataset: MIDISongs/preprocessed_allthree/D3
INFO - 04/25/21 09:44:52 - 17:32:08 - Epoch 90 Rank 0 - Train loss: (1.4139), Test loss (1.4475)
DEBUG - 04/25/21 09:44:52 - 17:32:08 - Saved model to checkpoints/final/D3all-dec-1-update-15/lastmodel_0.pth
DEBUG - 04/25/21 09:44:52 - 17:32:08 - Ended epoch
INFO - 04/25/21 09:44:52 - 17:32:08 - Starting epoch, Rank 0, Dataset: MIDISongs/preprocessed_allthree/D3
INFO - 04/25/21 09:56:26 - 17:43:42 - Epoch 91 Rank 0 - Train loss: (1.3603), Test loss (1.4607)
DEBUG - 04/25/21 09:56:26 - 17:43:42 - Saved model to checkpoints/final/D3all-dec-1-update-15/lastmodel_0.pth
DEBUG - 04/25/21 09:56:26 - 17:43:42 - Ended epoch
INFO - 04/25/21 09:56:26 - 17:43:42 - Starting epoch, Rank 0, Dataset: MIDISongs/preprocessed_allthree/D3
INFO - 04/25/21 10:07:59 - 17:55:16 - Epoch 92 Rank 0 - Train loss: (1.3735), Test loss (1.4184)
DEBUG - 04/25/21 10:07:59 - 17:55:16 - Saved model to checkpoints/final/D3all-dec-1-update-15/lastmodel_0.pth
DEBUG - 04/25/21 10:07:59 - 17:55:16 - Ended epoch
INFO - 04/25/21 10:07:59 - 17:55:16 - Starting epoch, Rank 0, Dataset: MIDISongs/preprocessed_allthree/D3
INFO - 04/25/21 10:19:33 - 18:06:49 - Epoch 93 Rank 0 - Train loss: (1.3395), Test loss (1.4634)
DEBUG - 04/25/21 10:19:33 - 18:06:49 - Saved model to checkpoints/final/D3all-dec-1-update-15/lastmodel_0.pth
DEBUG - 04/25/21 10:19:33 - 18:06:49 - Ended epoch
INFO - 04/25/21 10:19:33 - 18:06:49 - Starting epoch, Rank 0, Dataset: MIDISongs/preprocessed_allthree/D3
INFO - 04/25/21 10:31:06 - 18:18:22 - Epoch 94 Rank 0 - Train loss: (1.3484), Test loss (1.4995)
DEBUG - 04/25/21 10:31:06 - 18:18:22 - Saved model to checkpoints/final/D3all-dec-1-update-15/lastmodel_0.pth
DEBUG - 04/25/21 10:31:06 - 18:18:22 - Ended epoch
INFO - 04/25/21 10:31:06 - 18:18:22 - Starting epoch, Rank 0, Dataset: MIDISongs/preprocessed_allthree/D3
INFO - 04/25/21 10:42:40 - 18:29:56 - Epoch 95 Rank 0 - Train loss: (1.3431), Test loss (1.4416)
DEBUG - 04/25/21 10:42:40 - 18:29:56 - Saved model to checkpoints/final/D3all-dec-1-update-15/lastmodel_0.pth
DEBUG - 04/25/21 10:42:40 - 18:29:56 - Ended epoch
INFO - 04/25/21 10:42:40 - 18:29:56 - Starting epoch, Rank 0, Dataset: MIDISongs/preprocessed_allthree/D3
INFO - 04/25/21 10:54:12 - 18:41:29 - Epoch 96 Rank 0 - Train loss: (1.3498), Test loss (1.4476)
DEBUG - 04/25/21 10:54:12 - 18:41:29 - Saved model to checkpoints/final/D3all-dec-1-update-15/lastmodel_0.pth
DEBUG - 04/25/21 10:54:12 - 18:41:29 - Ended epoch
INFO - 04/25/21 10:54:12 - 18:41:29 - Starting epoch, Rank 0, Dataset: MIDISongs/preprocessed_allthree/D3
INFO - 04/25/21 11:05:45 - 18:53:01 - Epoch 97 Rank 0 - Train loss: (1.3612), Test loss (1.4737)
DEBUG - 04/25/21 11:05:45 - 18:53:02 - Saved model to checkpoints/final/D3all-dec-1-update-15/lastmodel_0.pth
DEBUG - 04/25/21 11:05:45 - 18:53:02 - Ended epoch
INFO - 04/25/21 11:05:45 - 18:53:02 - Starting epoch, Rank 0, Dataset: MIDISongs/preprocessed_allthree/D3
INFO - 04/25/21 11:17:18 - 19:04:34 - Epoch 98 Rank 0 - Train loss: (1.3352), Test loss (1.3971)
DEBUG - 04/25/21 11:17:18 - 19:04:34 - Saved model to checkpoints/final/D3all-dec-1-update-15/lastmodel_0.pth
DEBUG - 04/25/21 11:17:18 - 19:04:34 - Ended epoch
INFO - 04/25/21 11:17:18 - 19:04:34 - Starting epoch, Rank 0, Dataset: MIDISongs/preprocessed_allthree/D3
INFO - 04/25/21 11:28:51 - 19:16:07 - Epoch 99 Rank 0 - Train loss: (1.3487), Test loss (1.4348)
DEBUG - 04/25/21 11:28:51 - 19:16:07 - Saved model to checkpoints/final/D3all-dec-1-update-15/lastmodel_0.pth
DEBUG - 04/25/21 11:28:51 - 19:16:07 - Ended epoch
INFO - 04/25/21 11:28:51 - 19:16:07 - Starting epoch, Rank 0, Dataset: MIDISongs/preprocessed_allthree/D3
INFO - 04/25/21 11:40:24 - 19:27:40 - Epoch 100 Rank 0 - Train loss: (1.3401), Test loss (1.3992)
DEBUG - 04/25/21 11:40:24 - 19:27:40 - Saved model to checkpoints/final/D3all-dec-1-update-15/lastmodel_0.pth
DEBUG - 04/25/21 11:40:24 - 19:27:40 - Ended epoch
INFO - 04/25/21 11:40:24 - 19:27:40 - Starting epoch, Rank 0, Dataset: MIDISongs/preprocessed_allthree/D3
INFO - 04/25/21 11:51:57 - 19:39:14 - Epoch 101 Rank 0 - Train loss: (1.3399), Test loss (2.1294)
DEBUG - 04/25/21 11:51:58 - 19:39:14 - Saved model to checkpoints/final/D3all-dec-1-update-15/lastmodel_0.pth
DEBUG - 04/25/21 11:51:58 - 19:39:14 - Ended epoch
INFO - 04/25/21 11:51:58 - 19:39:14 - Starting epoch, Rank 0, Dataset: MIDISongs/preprocessed_allthree/D3
INFO - 04/25/21 12:03:31 - 19:50:48 - Epoch 102 Rank 0 - Train loss: (1.3615), Test loss (1.4100)
DEBUG - 04/25/21 12:03:32 - 19:50:48 - Saved model to checkpoints/final/D3all-dec-1-update-15/lastmodel_0.pth
DEBUG - 04/25/21 12:03:32 - 19:50:48 - Ended epoch
INFO - 04/25/21 12:03:32 - 19:50:48 - Starting epoch, Rank 0, Dataset: MIDISongs/preprocessed_allthree/D3
INFO - 04/25/21 12:15:06 - 20:02:23 - Epoch 103 Rank 0 - Train loss: (1.3391), Test loss (1.5027)
DEBUG - 04/25/21 12:15:07 - 20:02:23 - Saved model to checkpoints/final/D3all-dec-1-update-15/lastmodel_0.pth
DEBUG - 04/25/21 12:15:07 - 20:02:23 - Ended epoch
INFO - 04/25/21 12:15:07 - 20:02:23 - Starting epoch, Rank 0, Dataset: MIDISongs/preprocessed_allthree/D3
INFO - 04/25/21 12:26:41 - 20:13:58 - Epoch 104 Rank 0 - Train loss: (1.3358), Test loss (1.4147)
DEBUG - 04/25/21 12:26:42 - 20:13:58 - Saved model to checkpoints/final/D3all-dec-1-update-15/lastmodel_0.pth
DEBUG - 04/25/21 12:26:42 - 20:13:58 - Ended epoch
INFO - 04/25/21 12:26:42 - 20:13:58 - Starting epoch, Rank 0, Dataset: MIDISongs/preprocessed_allthree/D3
INFO - 04/25/21 12:38:16 - 20:25:33 - Epoch 105 Rank 0 - Train loss: (1.3446), Test loss (1.4937)
DEBUG - 04/25/21 12:38:17 - 20:25:33 - Saved model to checkpoints/final/D3all-dec-1-update-15/lastmodel_0.pth
DEBUG - 04/25/21 12:38:17 - 20:25:33 - Ended epoch
INFO - 04/25/21 12:38:17 - 20:25:33 - Starting epoch, Rank 0, Dataset: MIDISongs/preprocessed_allthree/D3
INFO - 04/25/21 12:49:52 - 20:37:09 - Epoch 106 Rank 0 - Train loss: (1.3429), Test loss (1.4400)
DEBUG - 04/25/21 12:49:53 - 20:37:09 - Saved model to checkpoints/final/D3all-dec-1-update-15/lastmodel_0.pth
DEBUG - 04/25/21 12:49:53 - 20:37:09 - Ended epoch
INFO - 04/25/21 12:49:53 - 20:37:09 - Starting epoch, Rank 0, Dataset: MIDISongs/preprocessed_allthree/D3
INFO - 04/25/21 13:01:27 - 20:48:43 - Epoch 107 Rank 0 - Train loss: (1.3330), Test loss (1.4282)
DEBUG - 04/25/21 13:01:27 - 20:48:43 - Saved model to checkpoints/final/D3all-dec-1-update-15/lastmodel_0.pth
DEBUG - 04/25/21 13:01:27 - 20:48:43 - Ended epoch
INFO - 04/25/21 13:01:27 - 20:48:43 - Starting epoch, Rank 0, Dataset: MIDISongs/preprocessed_allthree/D3
INFO - 04/25/21 13:13:01 - 21:00:18 - Epoch 108 Rank 0 - Train loss: (1.3447), Test loss (1.4359)
DEBUG - 04/25/21 13:13:01 - 21:00:18 - Saved model to checkpoints/final/D3all-dec-1-update-15/lastmodel_0.pth
DEBUG - 04/25/21 13:13:01 - 21:00:18 - Ended epoch
INFO - 04/25/21 13:13:01 - 21:00:18 - Starting epoch, Rank 0, Dataset: MIDISongs/preprocessed_allthree/D3
INFO - 04/25/21 13:24:36 - 21:11:52 - Epoch 109 Rank 0 - Train loss: (1.3364), Test loss (1.4209)
DEBUG - 04/25/21 13:24:36 - 21:11:52 - Saved model to checkpoints/final/D3all-dec-1-update-15/lastmodel_0.pth
DEBUG - 04/25/21 13:24:36 - 21:11:52 - Ended epoch
INFO - 04/25/21 13:24:36 - 21:11:52 - Starting epoch, Rank 0, Dataset: MIDISongs/preprocessed_allthree/D3
INFO - 04/25/21 13:36:09 - 21:23:26 - Epoch 110 Rank 0 - Train loss: (1.3416), Test loss (1.4032)
DEBUG - 04/25/21 13:36:09 - 21:23:26 - Saved model to checkpoints/final/D3all-dec-1-update-15/lastmodel_0.pth
DEBUG - 04/25/21 13:36:09 - 21:23:26 - Ended epoch
INFO - 04/25/21 13:36:09 - 21:23:26 - Starting epoch, Rank 0, Dataset: MIDISongs/preprocessed_allthree/D3
INFO - 04/25/21 13:47:43 - 21:35:00 - Epoch 111 Rank 0 - Train loss: (1.3221), Test loss (1.4623)
DEBUG - 04/25/21 13:47:43 - 21:35:00 - Saved model to checkpoints/final/D3all-dec-1-update-15/lastmodel_0.pth
DEBUG - 04/25/21 13:47:43 - 21:35:00 - Ended epoch
INFO - 04/25/21 13:47:43 - 21:35:00 - Starting epoch, Rank 0, Dataset: MIDISongs/preprocessed_allthree/D3
INFO - 04/25/21 13:59:18 - 21:46:34 - Epoch 112 Rank 0 - Train loss: (1.3389), Test loss (1.4845)
DEBUG - 04/25/21 13:59:18 - 21:46:34 - Saved model to checkpoints/final/D3all-dec-1-update-15/lastmodel_0.pth
DEBUG - 04/25/21 13:59:18 - 21:46:34 - Ended epoch
INFO - 04/25/21 13:59:18 - 21:46:34 - Starting epoch, Rank 0, Dataset: MIDISongs/preprocessed_allthree/D3
INFO - 04/25/21 14:10:53 - 21:58:09 - Epoch 113 Rank 0 - Train loss: (1.3450), Test loss (1.4765)
DEBUG - 04/25/21 14:10:53 - 21:58:09 - Saved model to checkpoints/final/D3all-dec-1-update-15/lastmodel_0.pth
DEBUG - 04/25/21 14:10:53 - 21:58:09 - Ended epoch
INFO - 04/25/21 14:10:53 - 21:58:09 - Starting epoch, Rank 0, Dataset: MIDISongs/preprocessed_allthree/D3
INFO - 04/25/21 14:22:27 - 22:09:44 - Epoch 114 Rank 0 - Train loss: (1.3322), Test loss (1.4372)
DEBUG - 04/25/21 14:22:27 - 22:09:44 - Saved model to checkpoints/final/D3all-dec-1-update-15/lastmodel_0.pth
DEBUG - 04/25/21 14:22:27 - 22:09:44 - Ended epoch
INFO - 04/25/21 14:22:27 - 22:09:44 - Starting epoch, Rank 0, Dataset: MIDISongs/preprocessed_allthree/D3
INFO - 04/25/21 14:34:02 - 22:21:19 - Epoch 115 Rank 0 - Train loss: (1.3281), Test loss (1.4272)
DEBUG - 04/25/21 14:34:03 - 22:21:19 - Saved model to checkpoints/final/D3all-dec-1-update-15/lastmodel_0.pth
DEBUG - 04/25/21 14:34:03 - 22:21:19 - Ended epoch
INFO - 04/25/21 14:34:03 - 22:21:19 - Starting epoch, Rank 0, Dataset: MIDISongs/preprocessed_allthree/D3
INFO - 04/25/21 14:45:37 - 22:32:53 - Epoch 116 Rank 0 - Train loss: (1.3259), Test loss (1.4130)
DEBUG - 04/25/21 14:45:37 - 22:32:54 - Saved model to checkpoints/final/D3all-dec-1-update-15/lastmodel_0.pth
DEBUG - 04/25/21 14:45:37 - 22:32:54 - Ended epoch
INFO - 04/25/21 14:45:37 - 22:32:54 - Starting epoch, Rank 0, Dataset: MIDISongs/preprocessed_allthree/D3
INFO - 04/25/21 14:57:12 - 22:44:28 - Epoch 117 Rank 0 - Train loss: (1.3327), Test loss (1.4120)
DEBUG - 04/25/21 14:57:12 - 22:44:28 - Saved model to checkpoints/final/D3all-dec-1-update-15/lastmodel_0.pth
DEBUG - 04/25/21 14:57:12 - 22:44:28 - Ended epoch
INFO - 04/25/21 14:57:12 - 22:44:28 - Starting epoch, Rank 0, Dataset: MIDISongs/preprocessed_allthree/D3
INFO - 04/25/21 15:08:46 - 22:56:02 - Epoch 118 Rank 0 - Train loss: (1.3375), Test loss (1.4466)
DEBUG - 04/25/21 15:08:46 - 22:56:03 - Saved model to checkpoints/final/D3all-dec-1-update-15/lastmodel_0.pth
DEBUG - 04/25/21 15:08:46 - 22:56:03 - Ended epoch
INFO - 04/25/21 15:08:46 - 22:56:03 - Starting epoch, Rank 0, Dataset: MIDISongs/preprocessed_allthree/D3
INFO - 04/25/21 15:20:20 - 23:07:37 - Epoch 119 Rank 0 - Train loss: (1.3324), Test loss (1.4354)
DEBUG - 04/25/21 15:20:21 - 23:07:37 - Saved model to checkpoints/final/D3all-dec-1-update-15/lastmodel_0.pth
DEBUG - 04/25/21 15:20:21 - 23:07:37 - Ended epoch
INFO - 04/25/21 15:20:21 - 23:07:37 - Starting epoch, Rank 0, Dataset: MIDISongs/preprocessed_allthree/D3
INFO - 04/25/21 15:31:54 - 23:19:11 - Epoch 120 Rank 0 - Train loss: (1.3144), Test loss (1.4262)
DEBUG - 04/25/21 15:31:55 - 23:19:11 - Saved model to checkpoints/final/D3all-dec-1-update-15/lastmodel_0.pth
DEBUG - 04/25/21 15:31:55 - 23:19:11 - Ended epoch
INFO - 04/25/21 15:31:55 - 23:19:11 - Starting epoch, Rank 0, Dataset: MIDISongs/preprocessed_allthree/D3
INFO - 04/25/21 15:43:29 - 23:30:45 - Epoch 121 Rank 0 - Train loss: (1.3257), Test loss (1.4667)
DEBUG - 04/25/21 15:43:29 - 23:30:45 - Saved model to checkpoints/final/D3all-dec-1-update-15/lastmodel_0.pth
DEBUG - 04/25/21 15:43:29 - 23:30:45 - Ended epoch
INFO - 04/25/21 15:43:29 - 23:30:45 - Starting epoch, Rank 0, Dataset: MIDISongs/preprocessed_allthree/D3
INFO - 04/25/21 15:55:02 - 23:42:18 - Epoch 122 Rank 0 - Train loss: (1.3267), Test loss (1.4609)
DEBUG - 04/25/21 15:55:02 - 23:42:18 - Saved model to checkpoints/final/D3all-dec-1-update-15/lastmodel_0.pth
DEBUG - 04/25/21 15:55:02 - 23:42:18 - Ended epoch
INFO - 04/25/21 15:55:02 - 23:42:18 - Starting epoch, Rank 0, Dataset: MIDISongs/preprocessed_allthree/D3
INFO - 04/25/21 16:06:35 - 23:53:51 - Epoch 123 Rank 0 - Train loss: (1.3208), Test loss (1.4156)
DEBUG - 04/25/21 16:06:35 - 23:53:51 - Saved model to checkpoints/final/D3all-dec-1-update-15/lastmodel_0.pth
DEBUG - 04/25/21 16:06:35 - 23:53:51 - Ended epoch
INFO - 04/25/21 16:06:35 - 23:53:51 - Starting epoch, Rank 0, Dataset: MIDISongs/preprocessed_allthree/D3
INFO - 04/25/21 16:18:07 - 1 day, 0:05:23 - Epoch 124 Rank 0 - Train loss: (1.3336), Test loss (1.4338)
DEBUG - 04/25/21 16:18:07 - 1 day, 0:05:24 - Saved model to checkpoints/final/D3all-dec-1-update-15/lastmodel_0.pth
DEBUG - 04/25/21 16:18:07 - 1 day, 0:05:24 - Ended epoch
INFO - 04/25/21 16:18:07 - 1 day, 0:05:24 - Starting epoch, Rank 0, Dataset: MIDISongs/preprocessed_allthree/D3
INFO - 04/25/21 16:29:40 - 1 day, 0:16:56 - Epoch 125 Rank 0 - Train loss: (1.3388), Test loss (1.4632)
DEBUG - 04/25/21 16:29:40 - 1 day, 0:16:56 - Saved model to checkpoints/final/D3all-dec-1-update-15/lastmodel_0.pth
DEBUG - 04/25/21 16:29:40 - 1 day, 0:16:56 - Ended epoch
INFO - 04/25/21 16:29:40 - 1 day, 0:16:56 - Starting epoch, Rank 0, Dataset: MIDISongs/preprocessed_allthree/D3
INFO - 04/25/21 16:41:12 - 1 day, 0:28:28 - Epoch 126 Rank 0 - Train loss: (1.3234), Test loss (1.4726)
DEBUG - 04/25/21 16:41:12 - 1 day, 0:28:28 - Saved model to checkpoints/final/D3all-dec-1-update-15/lastmodel_0.pth
DEBUG - 04/25/21 16:41:12 - 1 day, 0:28:28 - Ended epoch
INFO - 04/25/21 16:41:12 - 1 day, 0:28:28 - Starting epoch, Rank 0, Dataset: MIDISongs/preprocessed_allthree/D3
INFO - 04/25/21 16:52:44 - 1 day, 0:40:00 - Epoch 127 Rank 0 - Train loss: (1.3248), Test loss (1.4154)
DEBUG - 04/25/21 16:52:44 - 1 day, 0:40:00 - Saved model to checkpoints/final/D3all-dec-1-update-15/lastmodel_0.pth
DEBUG - 04/25/21 16:52:44 - 1 day, 0:40:00 - Ended epoch
INFO - 04/25/21 16:52:44 - 1 day, 0:40:00 - Starting epoch, Rank 0, Dataset: MIDISongs/preprocessed_allthree/D3
INFO - 04/25/21 17:04:15 - 1 day, 0:51:32 - Epoch 128 Rank 0 - Train loss: (1.3439), Test loss (1.4204)
DEBUG - 04/25/21 17:04:15 - 1 day, 0:51:32 - Saved model to checkpoints/final/D3all-dec-1-update-15/lastmodel_0.pth
DEBUG - 04/25/21 17:04:15 - 1 day, 0:51:32 - Ended epoch
INFO - 04/25/21 17:04:15 - 1 day, 0:51:32 - Starting epoch, Rank 0, Dataset: MIDISongs/preprocessed_allthree/D3
INFO - 04/25/21 17:15:47 - 1 day, 1:03:04 - Epoch 129 Rank 0 - Train loss: (1.3340), Test loss (1.4085)
DEBUG - 04/25/21 17:15:47 - 1 day, 1:03:04 - Saved model to checkpoints/final/D3all-dec-1-update-15/lastmodel_0.pth
DEBUG - 04/25/21 17:15:47 - 1 day, 1:03:04 - Ended epoch
INFO - 04/25/21 17:15:47 - 1 day, 1:03:04 - Starting epoch, Rank 0, Dataset: MIDISongs/preprocessed_allthree/D3
INFO - 04/25/21 17:27:19 - 1 day, 1:14:35 - Epoch 130 Rank 0 - Train loss: (1.3399), Test loss (1.4317)
DEBUG - 04/25/21 17:27:19 - 1 day, 1:14:35 - Saved model to checkpoints/final/D3all-dec-1-update-15/lastmodel_0.pth
DEBUG - 04/25/21 17:27:19 - 1 day, 1:14:35 - Ended epoch
INFO - 04/25/21 17:27:19 - 1 day, 1:14:35 - Starting epoch, Rank 0, Dataset: MIDISongs/preprocessed_allthree/D3
INFO - 04/25/21 17:38:49 - 1 day, 1:26:06 - Epoch 131 Rank 0 - Train loss: (1.3199), Test loss (1.4217)
DEBUG - 04/25/21 17:38:50 - 1 day, 1:26:06 - Saved model to checkpoints/final/D3all-dec-1-update-15/lastmodel_0.pth
DEBUG - 04/25/21 17:38:50 - 1 day, 1:26:06 - Ended epoch
INFO - 04/25/21 17:38:50 - 1 day, 1:26:06 - Starting epoch, Rank 0, Dataset: MIDISongs/preprocessed_allthree/D3
INFO - 04/25/21 17:50:21 - 1 day, 1:37:37 - Epoch 132 Rank 0 - Train loss: (1.3078), Test loss (1.3636)
DEBUG - 04/25/21 17:50:21 - 1 day, 1:37:37 - Saved model to checkpoints/final/D3all-dec-1-update-15/bestmodel_0.pth
DEBUG - 04/25/21 17:50:21 - 1 day, 1:37:37 - Saved model to checkpoints/final/D3all-dec-1-update-15/lastmodel_0.pth
DEBUG - 04/25/21 17:50:21 - 1 day, 1:37:37 - Ended epoch
INFO - 04/25/21 17:50:21 - 1 day, 1:37:37 - Starting epoch, Rank 0, Dataset: MIDISongs/preprocessed_allthree/D3
INFO - 04/25/21 18:01:51 - 1 day, 1:49:07 - Epoch 133 Rank 0 - Train loss: (1.3305), Test loss (1.3829)
DEBUG - 04/25/21 18:01:51 - 1 day, 1:49:07 - Saved model to checkpoints/final/D3all-dec-1-update-15/lastmodel_0.pth
DEBUG - 04/25/21 18:01:51 - 1 day, 1:49:07 - Ended epoch
INFO - 04/25/21 18:01:51 - 1 day, 1:49:07 - Starting epoch, Rank 0, Dataset: MIDISongs/preprocessed_allthree/D3
INFO - 04/25/21 18:13:21 - 1 day, 2:00:38 - Epoch 134 Rank 0 - Train loss: (1.3184), Test loss (1.4134)
DEBUG - 04/25/21 18:13:21 - 1 day, 2:00:38 - Saved model to checkpoints/final/D3all-dec-1-update-15/lastmodel_0.pth
DEBUG - 04/25/21 18:13:21 - 1 day, 2:00:38 - Ended epoch
INFO - 04/25/21 18:13:21 - 1 day, 2:00:38 - Starting epoch, Rank 0, Dataset: MIDISongs/preprocessed_allthree/D3
INFO - 04/25/21 18:24:52 - 1 day, 2:12:08 - Epoch 135 Rank 0 - Train loss: (1.3385), Test loss (1.4377)
DEBUG - 04/25/21 18:24:52 - 1 day, 2:12:08 - Saved model to checkpoints/final/D3all-dec-1-update-15/lastmodel_0.pth
DEBUG - 04/25/21 18:24:52 - 1 day, 2:12:08 - Ended epoch
INFO - 04/25/21 18:24:52 - 1 day, 2:12:08 - Starting epoch, Rank 0, Dataset: MIDISongs/preprocessed_allthree/D3
INFO - 04/25/21 18:36:23 - 1 day, 2:23:40 - Epoch 136 Rank 0 - Train loss: (1.3264), Test loss (1.4773)
DEBUG - 04/25/21 18:36:23 - 1 day, 2:23:40 - Saved model to checkpoints/final/D3all-dec-1-update-15/lastmodel_0.pth
DEBUG - 04/25/21 18:36:23 - 1 day, 2:23:40 - Ended epoch
INFO - 04/25/21 18:36:23 - 1 day, 2:23:40 - Starting epoch, Rank 0, Dataset: MIDISongs/preprocessed_allthree/D3
INFO - 04/25/21 18:47:55 - 1 day, 2:35:11 - Epoch 137 Rank 0 - Train loss: (1.3226), Test loss (1.4512)
DEBUG - 04/25/21 18:47:55 - 1 day, 2:35:11 - Saved model to checkpoints/final/D3all-dec-1-update-15/lastmodel_0.pth
DEBUG - 04/25/21 18:47:55 - 1 day, 2:35:11 - Ended epoch
INFO - 04/25/21 18:47:55 - 1 day, 2:35:11 - Starting epoch, Rank 0, Dataset: MIDISongs/preprocessed_allthree/D3
INFO - 04/25/21 18:59:27 - 1 day, 2:46:43 - Epoch 138 Rank 0 - Train loss: (1.3163), Test loss (1.4128)
DEBUG - 04/25/21 18:59:27 - 1 day, 2:46:43 - Saved model to checkpoints/final/D3all-dec-1-update-15/lastmodel_0.pth
DEBUG - 04/25/21 18:59:27 - 1 day, 2:46:43 - Ended epoch
INFO - 04/25/21 18:59:27 - 1 day, 2:46:43 - Starting epoch, Rank 0, Dataset: MIDISongs/preprocessed_allthree/D3
INFO - 04/25/21 19:10:59 - 1 day, 2:58:16 - Epoch 139 Rank 0 - Train loss: (1.3112), Test loss (1.4709)
DEBUG - 04/25/21 19:10:59 - 1 day, 2:58:16 - Saved model to checkpoints/final/D3all-dec-1-update-15/lastmodel_0.pth
DEBUG - 04/25/21 19:10:59 - 1 day, 2:58:16 - Ended epoch
INFO - 04/25/21 19:10:59 - 1 day, 2:58:16 - Starting epoch, Rank 0, Dataset: MIDISongs/preprocessed_allthree/D3
INFO - 04/25/21 19:22:32 - 1 day, 3:09:48 - Epoch 140 Rank 0 - Train loss: (1.3219), Test loss (1.4097)
DEBUG - 04/25/21 19:22:32 - 1 day, 3:09:48 - Saved model to checkpoints/final/D3all-dec-1-update-15/lastmodel_0.pth
DEBUG - 04/25/21 19:22:32 - 1 day, 3:09:48 - Ended epoch
INFO - 04/25/21 19:22:32 - 1 day, 3:09:48 - Starting epoch, Rank 0, Dataset: MIDISongs/preprocessed_allthree/D3
INFO - 04/25/21 19:34:04 - 1 day, 3:21:20 - Epoch 141 Rank 0 - Train loss: (1.3188), Test loss (1.4351)
DEBUG - 04/25/21 19:34:04 - 1 day, 3:21:20 - Saved model to checkpoints/final/D3all-dec-1-update-15/lastmodel_0.pth
DEBUG - 04/25/21 19:34:04 - 1 day, 3:21:20 - Ended epoch
INFO - 04/25/21 19:34:04 - 1 day, 3:21:20 - Starting epoch, Rank 0, Dataset: MIDISongs/preprocessed_allthree/D3
INFO - 04/25/21 19:45:36 - 1 day, 3:32:53 - Epoch 142 Rank 0 - Train loss: (1.3117), Test loss (1.4348)
DEBUG - 04/25/21 19:45:36 - 1 day, 3:32:53 - Saved model to checkpoints/final/D3all-dec-1-update-15/lastmodel_0.pth
DEBUG - 04/25/21 19:45:36 - 1 day, 3:32:53 - Ended epoch
INFO - 04/25/21 19:45:36 - 1 day, 3:32:53 - Starting epoch, Rank 0, Dataset: MIDISongs/preprocessed_allthree/D3
INFO - 04/25/21 19:57:08 - 1 day, 3:44:24 - Epoch 143 Rank 0 - Train loss: (1.3156), Test loss (1.4170)
DEBUG - 04/25/21 19:57:08 - 1 day, 3:44:24 - Saved model to checkpoints/final/D3all-dec-1-update-15/lastmodel_0.pth
DEBUG - 04/25/21 19:57:08 - 1 day, 3:44:24 - Ended epoch
INFO - 04/25/21 19:57:08 - 1 day, 3:44:24 - Starting epoch, Rank 0, Dataset: MIDISongs/preprocessed_allthree/D3
INFO - 04/25/21 20:08:39 - 1 day, 3:55:56 - Epoch 144 Rank 0 - Train loss: (1.3111), Test loss (1.4637)
DEBUG - 04/25/21 20:08:39 - 1 day, 3:55:56 - Saved model to checkpoints/final/D3all-dec-1-update-15/lastmodel_0.pth
DEBUG - 04/25/21 20:08:39 - 1 day, 3:55:56 - Ended epoch
INFO - 04/25/21 20:08:39 - 1 day, 3:55:56 - Starting epoch, Rank 0, Dataset: MIDISongs/preprocessed_allthree/D3
INFO - 04/25/21 20:20:10 - 1 day, 4:07:27 - Epoch 145 Rank 0 - Train loss: (1.3293), Test loss (1.4537)
DEBUG - 04/25/21 20:20:10 - 1 day, 4:07:27 - Saved model to checkpoints/final/D3all-dec-1-update-15/lastmodel_0.pth
DEBUG - 04/25/21 20:20:10 - 1 day, 4:07:27 - Ended epoch
INFO - 04/25/21 20:20:10 - 1 day, 4:07:27 - Starting epoch, Rank 0, Dataset: MIDISongs/preprocessed_allthree/D3
INFO - 04/25/21 20:31:41 - 1 day, 4:18:57 - Epoch 146 Rank 0 - Train loss: (1.3204), Test loss (1.4299)
DEBUG - 04/25/21 20:31:41 - 1 day, 4:18:58 - Saved model to checkpoints/final/D3all-dec-1-update-15/lastmodel_0.pth
DEBUG - 04/25/21 20:31:41 - 1 day, 4:18:58 - Ended epoch
INFO - 04/25/21 20:31:41 - 1 day, 4:18:58 - Starting epoch, Rank 0, Dataset: MIDISongs/preprocessed_allthree/D3
INFO - 04/25/21 20:43:13 - 1 day, 4:30:29 - Epoch 147 Rank 0 - Train loss: (1.3098), Test loss (1.4161)
DEBUG - 04/25/21 20:43:13 - 1 day, 4:30:29 - Saved model to checkpoints/final/D3all-dec-1-update-15/lastmodel_0.pth
DEBUG - 04/25/21 20:43:13 - 1 day, 4:30:29 - Ended epoch
INFO - 04/25/21 20:43:13 - 1 day, 4:30:29 - Starting epoch, Rank 0, Dataset: MIDISongs/preprocessed_allthree/D3
INFO - 04/25/21 20:54:44 - 1 day, 4:42:00 - Epoch 148 Rank 0 - Train loss: (1.3114), Test loss (1.3977)
DEBUG - 04/25/21 20:54:44 - 1 day, 4:42:00 - Saved model to checkpoints/final/D3all-dec-1-update-15/lastmodel_0.pth
DEBUG - 04/25/21 20:54:44 - 1 day, 4:42:00 - Ended epoch
INFO - 04/25/21 20:54:44 - 1 day, 4:42:00 - Starting epoch, Rank 0, Dataset: MIDISongs/preprocessed_allthree/D3
INFO - 04/25/21 21:06:15 - 1 day, 4:53:31 - Epoch 149 Rank 0 - Train loss: (1.3164), Test loss (1.4254)
DEBUG - 04/25/21 21:06:15 - 1 day, 4:53:32 - Saved model to checkpoints/final/D3all-dec-1-update-15/lastmodel_0.pth
DEBUG - 04/25/21 21:06:15 - 1 day, 4:53:32 - Ended epoch
INFO - 04/25/21 21:06:15 - 1 day, 4:53:32 - Starting epoch, Rank 0, Dataset: MIDISongs/preprocessed_allthree/D3
INFO - 04/25/21 21:17:47 - 1 day, 5:05:03 - Epoch 150 Rank 0 - Train loss: (1.3218), Test loss (1.3626)
DEBUG - 04/25/21 21:17:47 - 1 day, 5:05:04 - Saved model to checkpoints/final/D3all-dec-1-update-15/bestmodel_0.pth
DEBUG - 04/25/21 21:17:47 - 1 day, 5:05:04 - Saved model to checkpoints/final/D3all-dec-1-update-15/lastmodel_0.pth
DEBUG - 04/25/21 21:17:47 - 1 day, 5:05:04 - Ended epoch
INFO - 04/25/21 21:17:47 - 1 day, 5:05:04 - Starting epoch, Rank 0, Dataset: MIDISongs/preprocessed_allthree/D3
INFO - 04/25/21 21:29:19 - 1 day, 5:16:35 - Epoch 151 Rank 0 - Train loss: (1.3227), Test loss (1.4025)
DEBUG - 04/25/21 21:29:19 - 1 day, 5:16:35 - Saved model to checkpoints/final/D3all-dec-1-update-15/lastmodel_0.pth
DEBUG - 04/25/21 21:29:19 - 1 day, 5:16:35 - Ended epoch
INFO - 04/25/21 21:29:19 - 1 day, 5:16:35 - Starting epoch, Rank 0, Dataset: MIDISongs/preprocessed_allthree/D3
INFO - 04/25/21 21:40:50 - 1 day, 5:28:06 - Epoch 152 Rank 0 - Train loss: (1.3253), Test loss (1.3991)
DEBUG - 04/25/21 21:40:50 - 1 day, 5:28:06 - Saved model to checkpoints/final/D3all-dec-1-update-15/lastmodel_0.pth
DEBUG - 04/25/21 21:40:50 - 1 day, 5:28:06 - Ended epoch
INFO - 04/25/21 21:40:50 - 1 day, 5:28:06 - Starting epoch, Rank 0, Dataset: MIDISongs/preprocessed_allthree/D3
INFO - 04/25/21 21:52:21 - 1 day, 5:39:37 - Epoch 153 Rank 0 - Train loss: (1.3064), Test loss (1.3647)
DEBUG - 04/25/21 21:52:21 - 1 day, 5:39:37 - Saved model to checkpoints/final/D3all-dec-1-update-15/lastmodel_0.pth
DEBUG - 04/25/21 21:52:21 - 1 day, 5:39:37 - Ended epoch
INFO - 04/25/21 21:52:21 - 1 day, 5:39:37 - Starting epoch, Rank 0, Dataset: MIDISongs/preprocessed_allthree/D3
INFO - 04/25/21 22:03:52 - 1 day, 5:51:08 - Epoch 154 Rank 0 - Train loss: (1.3206), Test loss (1.4205)
DEBUG - 04/25/21 22:03:52 - 1 day, 5:51:09 - Saved model to checkpoints/final/D3all-dec-1-update-15/lastmodel_0.pth
DEBUG - 04/25/21 22:03:52 - 1 day, 5:51:09 - Ended epoch
INFO - 04/25/21 22:03:52 - 1 day, 5:51:09 - Starting epoch, Rank 0, Dataset: MIDISongs/preprocessed_allthree/D3
INFO - 04/25/21 22:15:23 - 1 day, 6:02:39 - Epoch 155 Rank 0 - Train loss: (1.3077), Test loss (1.3937)
DEBUG - 04/25/21 22:15:23 - 1 day, 6:02:39 - Saved model to checkpoints/final/D3all-dec-1-update-15/lastmodel_0.pth
DEBUG - 04/25/21 22:15:23 - 1 day, 6:02:39 - Ended epoch
INFO - 04/25/21 22:15:23 - 1 day, 6:02:39 - Starting epoch, Rank 0, Dataset: MIDISongs/preprocessed_allthree/D3
INFO - 04/25/21 22:26:54 - 1 day, 6:14:10 - Epoch 156 Rank 0 - Train loss: (1.3166), Test loss (1.4210)
DEBUG - 04/25/21 22:26:54 - 1 day, 6:14:10 - Saved model to checkpoints/final/D3all-dec-1-update-15/lastmodel_0.pth
DEBUG - 04/25/21 22:26:54 - 1 day, 6:14:10 - Ended epoch
INFO - 04/25/21 22:26:54 - 1 day, 6:14:10 - Starting epoch, Rank 0, Dataset: MIDISongs/preprocessed_allthree/D3
INFO - 04/25/21 22:38:24 - 1 day, 6:25:41 - Epoch 157 Rank 0 - Train loss: (1.3183), Test loss (1.4441)
DEBUG - 04/25/21 22:38:25 - 1 day, 6:25:41 - Saved model to checkpoints/final/D3all-dec-1-update-15/lastmodel_0.pth
DEBUG - 04/25/21 22:38:25 - 1 day, 6:25:41 - Ended epoch
INFO - 04/25/21 22:38:25 - 1 day, 6:25:41 - Starting epoch, Rank 0, Dataset: MIDISongs/preprocessed_allthree/D3
INFO - 04/25/21 22:49:54 - 1 day, 6:37:11 - Epoch 158 Rank 0 - Train loss: (1.3187), Test loss (1.4224)
DEBUG - 04/25/21 22:49:55 - 1 day, 6:37:11 - Saved model to checkpoints/final/D3all-dec-1-update-15/lastmodel_0.pth
DEBUG - 04/25/21 22:49:55 - 1 day, 6:37:11 - Ended epoch
INFO - 04/25/21 22:49:55 - 1 day, 6:37:11 - Starting epoch, Rank 0, Dataset: MIDISongs/preprocessed_allthree/D3
INFO - 04/25/21 23:01:25 - 1 day, 6:48:41 - Epoch 159 Rank 0 - Train loss: (1.3024), Test loss (1.4413)
DEBUG - 04/25/21 23:01:25 - 1 day, 6:48:41 - Saved model to checkpoints/final/D3all-dec-1-update-15/lastmodel_0.pth
DEBUG - 04/25/21 23:01:25 - 1 day, 6:48:41 - Ended epoch
INFO - 04/25/21 23:01:25 - 1 day, 6:48:41 - Starting epoch, Rank 0, Dataset: MIDISongs/preprocessed_allthree/D3
INFO - 04/25/21 23:12:55 - 1 day, 7:00:11 - Epoch 160 Rank 0 - Train loss: (1.3153), Test loss (1.4363)
DEBUG - 04/25/21 23:12:55 - 1 day, 7:00:11 - Saved model to checkpoints/final/D3all-dec-1-update-15/lastmodel_0.pth
DEBUG - 04/25/21 23:12:55 - 1 day, 7:00:11 - Ended epoch
INFO - 04/25/21 23:12:55 - 1 day, 7:00:11 - Starting epoch, Rank 0, Dataset: MIDISongs/preprocessed_allthree/D3
INFO - 04/25/21 23:24:25 - 1 day, 7:11:41 - Epoch 161 Rank 0 - Train loss: (1.3157), Test loss (1.3632)
DEBUG - 04/25/21 23:24:25 - 1 day, 7:11:41 - Saved model to checkpoints/final/D3all-dec-1-update-15/lastmodel_0.pth
DEBUG - 04/25/21 23:24:25 - 1 day, 7:11:41 - Ended epoch
INFO - 04/25/21 23:24:25 - 1 day, 7:11:41 - Starting epoch, Rank 0, Dataset: MIDISongs/preprocessed_allthree/D3
INFO - 04/25/21 23:35:55 - 1 day, 7:23:11 - Epoch 162 Rank 0 - Train loss: (1.3016), Test loss (1.4380)
DEBUG - 04/25/21 23:35:55 - 1 day, 7:23:12 - Saved model to checkpoints/final/D3all-dec-1-update-15/lastmodel_0.pth
DEBUG - 04/25/21 23:35:55 - 1 day, 7:23:12 - Ended epoch
INFO - 04/25/21 23:35:55 - 1 day, 7:23:12 - Starting epoch, Rank 0, Dataset: MIDISongs/preprocessed_allthree/D3
INFO - 04/25/21 23:47:26 - 1 day, 7:34:42 - Epoch 163 Rank 0 - Train loss: (1.3098), Test loss (1.4233)
DEBUG - 04/25/21 23:47:26 - 1 day, 7:34:42 - Saved model to checkpoints/final/D3all-dec-1-update-15/lastmodel_0.pth
DEBUG - 04/25/21 23:47:26 - 1 day, 7:34:42 - Ended epoch
INFO - 04/25/21 23:47:26 - 1 day, 7:34:42 - Starting epoch, Rank 0, Dataset: MIDISongs/preprocessed_allthree/D3
INFO - 04/25/21 23:58:56 - 1 day, 7:46:13 - Epoch 164 Rank 0 - Train loss: (1.3129), Test loss (1.4051)
DEBUG - 04/25/21 23:58:56 - 1 day, 7:46:13 - Saved model to checkpoints/final/D3all-dec-1-update-15/lastmodel_0.pth
DEBUG - 04/25/21 23:58:56 - 1 day, 7:46:13 - Ended epoch
INFO - 04/25/21 23:58:56 - 1 day, 7:46:13 - Starting epoch, Rank 0, Dataset: MIDISongs/preprocessed_allthree/D3
INFO - 04/26/21 00:10:27 - 1 day, 7:57:44 - Epoch 165 Rank 0 - Train loss: (1.3145), Test loss (1.4338)
DEBUG - 04/26/21 00:10:27 - 1 day, 7:57:44 - Saved model to checkpoints/final/D3all-dec-1-update-15/lastmodel_0.pth
DEBUG - 04/26/21 00:10:27 - 1 day, 7:57:44 - Ended epoch
INFO - 04/26/21 00:10:27 - 1 day, 7:57:44 - Starting epoch, Rank 0, Dataset: MIDISongs/preprocessed_allthree/D3
INFO - 04/26/21 00:21:58 - 1 day, 8:09:14 - Epoch 166 Rank 0 - Train loss: (1.3097), Test loss (1.4533)
DEBUG - 04/26/21 00:21:58 - 1 day, 8:09:14 - Saved model to checkpoints/final/D3all-dec-1-update-15/lastmodel_0.pth
DEBUG - 04/26/21 00:21:58 - 1 day, 8:09:14 - Ended epoch
INFO - 04/26/21 00:21:58 - 1 day, 8:09:14 - Starting epoch, Rank 0, Dataset: MIDISongs/preprocessed_allthree/D3
INFO - 04/26/21 00:33:29 - 1 day, 8:20:45 - Epoch 167 Rank 0 - Train loss: (1.3031), Test loss (1.3981)
DEBUG - 04/26/21 00:33:29 - 1 day, 8:20:45 - Saved model to checkpoints/final/D3all-dec-1-update-15/lastmodel_0.pth
DEBUG - 04/26/21 00:33:29 - 1 day, 8:20:45 - Ended epoch
INFO - 04/26/21 00:33:29 - 1 day, 8:20:45 - Starting epoch, Rank 0, Dataset: MIDISongs/preprocessed_allthree/D3
INFO - 04/26/21 00:44:59 - 1 day, 8:32:15 - Epoch 168 Rank 0 - Train loss: (1.3093), Test loss (1.3799)
DEBUG - 04/26/21 00:44:59 - 1 day, 8:32:15 - Saved model to checkpoints/final/D3all-dec-1-update-15/lastmodel_0.pth
DEBUG - 04/26/21 00:44:59 - 1 day, 8:32:15 - Ended epoch
INFO - 04/26/21 00:44:59 - 1 day, 8:32:15 - Starting epoch, Rank 0, Dataset: MIDISongs/preprocessed_allthree/D3
INFO - 04/26/21 00:56:29 - 1 day, 8:43:46 - Epoch 169 Rank 0 - Train loss: (1.3007), Test loss (1.4130)
DEBUG - 04/26/21 00:56:29 - 1 day, 8:43:46 - Saved model to checkpoints/final/D3all-dec-1-update-15/lastmodel_0.pth
DEBUG - 04/26/21 00:56:29 - 1 day, 8:43:46 - Ended epoch
INFO - 04/26/21 00:56:29 - 1 day, 8:43:46 - Starting epoch, Rank 0, Dataset: MIDISongs/preprocessed_allthree/D3
INFO - 04/26/21 01:08:00 - 1 day, 8:55:16 - Epoch 170 Rank 0 - Train loss: (1.3057), Test loss (1.4185)
DEBUG - 04/26/21 01:08:00 - 1 day, 8:55:16 - Saved model to checkpoints/final/D3all-dec-1-update-15/lastmodel_0.pth
DEBUG - 04/26/21 01:08:00 - 1 day, 8:55:16 - Ended epoch
INFO - 04/26/21 01:08:00 - 1 day, 8:55:16 - Starting epoch, Rank 0, Dataset: MIDISongs/preprocessed_allthree/D3
INFO - 04/26/21 01:19:29 - 1 day, 9:06:45 - Epoch 171 Rank 0 - Train loss: (1.2928), Test loss (1.3576)
DEBUG - 04/26/21 01:19:29 - 1 day, 9:06:46 - Saved model to checkpoints/final/D3all-dec-1-update-15/bestmodel_0.pth
DEBUG - 04/26/21 01:19:29 - 1 day, 9:06:46 - Saved model to checkpoints/final/D3all-dec-1-update-15/lastmodel_0.pth
DEBUG - 04/26/21 01:19:29 - 1 day, 9:06:46 - Ended epoch
INFO - 04/26/21 01:19:29 - 1 day, 9:06:46 - Starting epoch, Rank 0, Dataset: MIDISongs/preprocessed_allthree/D3
INFO - 04/26/21 01:31:00 - 1 day, 9:18:16 - Epoch 172 Rank 0 - Train loss: (1.3132), Test loss (1.4590)
DEBUG - 04/26/21 01:31:00 - 1 day, 9:18:16 - Saved model to checkpoints/final/D3all-dec-1-update-15/lastmodel_0.pth
DEBUG - 04/26/21 01:31:00 - 1 day, 9:18:16 - Ended epoch
INFO - 04/26/21 01:31:00 - 1 day, 9:18:16 - Starting epoch, Rank 0, Dataset: MIDISongs/preprocessed_allthree/D3
INFO - 04/26/21 01:42:30 - 1 day, 9:29:46 - Epoch 173 Rank 0 - Train loss: (1.3002), Test loss (1.4326)
DEBUG - 04/26/21 01:42:30 - 1 day, 9:29:46 - Saved model to checkpoints/final/D3all-dec-1-update-15/lastmodel_0.pth
DEBUG - 04/26/21 01:42:30 - 1 day, 9:29:46 - Ended epoch
INFO - 04/26/21 01:42:30 - 1 day, 9:29:46 - Starting epoch, Rank 0, Dataset: MIDISongs/preprocessed_allthree/D3
INFO - 04/26/21 01:54:00 - 1 day, 9:41:16 - Epoch 174 Rank 0 - Train loss: (1.3113), Test loss (1.4088)
DEBUG - 04/26/21 01:54:00 - 1 day, 9:41:16 - Saved model to checkpoints/final/D3all-dec-1-update-15/lastmodel_0.pth
DEBUG - 04/26/21 01:54:00 - 1 day, 9:41:16 - Ended epoch
INFO - 04/26/21 01:54:00 - 1 day, 9:41:16 - Starting epoch, Rank 0, Dataset: MIDISongs/preprocessed_allthree/D3
INFO - 04/26/21 02:05:28 - 1 day, 9:52:44 - Epoch 175 Rank 0 - Train loss: (1.3141), Test loss (1.3995)
DEBUG - 04/26/21 02:05:28 - 1 day, 9:52:44 - Saved model to checkpoints/final/D3all-dec-1-update-15/lastmodel_0.pth
DEBUG - 04/26/21 02:05:28 - 1 day, 9:52:44 - Ended epoch
INFO - 04/26/21 02:05:28 - 1 day, 9:52:44 - Starting epoch, Rank 0, Dataset: MIDISongs/preprocessed_allthree/D3
INFO - 04/26/21 02:16:41 - 1 day, 10:03:58 - Epoch 176 Rank 0 - Train loss: (1.3029), Test loss (1.3885)
DEBUG - 04/26/21 02:16:41 - 1 day, 10:03:58 - Saved model to checkpoints/final/D3all-dec-1-update-15/lastmodel_0.pth
DEBUG - 04/26/21 02:16:41 - 1 day, 10:03:58 - Ended epoch
INFO - 04/26/21 02:16:41 - 1 day, 10:03:58 - Starting epoch, Rank 0, Dataset: MIDISongs/preprocessed_allthree/D3
INFO - 04/26/21 02:27:52 - 1 day, 10:15:09 - Epoch 177 Rank 0 - Train loss: (1.3006), Test loss (1.4181)
DEBUG - 04/26/21 02:27:52 - 1 day, 10:15:09 - Saved model to checkpoints/final/D3all-dec-1-update-15/lastmodel_0.pth
DEBUG - 04/26/21 02:27:52 - 1 day, 10:15:09 - Ended epoch
INFO - 04/26/21 02:27:52 - 1 day, 10:15:09 - Starting epoch, Rank 0, Dataset: MIDISongs/preprocessed_allthree/D3
INFO - 04/26/21 02:39:03 - 1 day, 10:26:20 - Epoch 178 Rank 0 - Train loss: (1.3001), Test loss (1.4010)
DEBUG - 04/26/21 02:39:03 - 1 day, 10:26:20 - Saved model to checkpoints/final/D3all-dec-1-update-15/lastmodel_0.pth
DEBUG - 04/26/21 02:39:03 - 1 day, 10:26:20 - Ended epoch
INFO - 04/26/21 02:39:03 - 1 day, 10:26:20 - Starting epoch, Rank 0, Dataset: MIDISongs/preprocessed_allthree/D3
INFO - 04/26/21 02:50:14 - 1 day, 10:37:30 - Epoch 179 Rank 0 - Train loss: (1.3029), Test loss (1.4245)
DEBUG - 04/26/21 02:50:14 - 1 day, 10:37:31 - Saved model to checkpoints/final/D3all-dec-1-update-15/lastmodel_0.pth
DEBUG - 04/26/21 02:50:14 - 1 day, 10:37:31 - Ended epoch
